[07Dec2024 00:02:22.052] [Server thread/WARN] [net.minecraft.server.level.ServerLevel/]: Tried to add entity boh:herobrine but it was marked as removed already
[07Dec2024 00:04:02.468] [Server thread/WARN] [net.minecraft.server.level.ServerEntity/]: Fetching packet for removed entity BabyLugbeetleEntity['Lugbeetle'/10478, l='ServerLevel[world]', x=-348.50, y=-40.00, z=951.50, removed=DISCARDED]
[07Dec2024 00:04:21.861] [Server thread/WARN] [net.minecraft.server.level.ServerEntity/]: Fetching packet for removed entity BabyLugbeetleEntity['Lugbeetle'/10650, l='ServerLevel[world]', x=-342.50, y=-38.00, z=953.50, removed=DISCARDED]
[07Dec2024 00:04:39.109] [Server thread/WARN] [net.minecraft.server.level.ServerEntity/]: Fetching packet for removed entity BabyLugbeetleEntity['Lugbeetle'/11037, l='ServerLevel[world]', x=-343.50, y=-38.00, z=952.50, removed=DISCARDED]
[07Dec2024 00:04:52.521] [Server thread/INFO] [net.minecraft.server.MinecraftServer/]: [Not Secure] [Endermite] all hail RAATMA!!
[07Dec2024 00:06:13.398] [Server thread/WARN] [net.minecraft.server.network.ServerGamePacketListenerImpl/]: Isaqcx moved wrongly!
[07Dec2024 00:06:28.284] [Server thread/WARN] [net.minecraft.server.network.ServerGamePacketListenerImpl/]: Isaqcx moved wrongly!
[07Dec2024 00:06:41.347] [Server thread/WARN] [net.minecraft.server.level.ServerLevel/]: Tried to add entity boh:herobrine but it was marked as removed already
[07Dec2024 00:07:04.314] [Server thread/WARN] [net.minecraft.server.network.ServerGamePacketListenerImpl/]: Isaqcx moved wrongly!
[07Dec2024 00:07:23.269] [Server thread/WARN] [net.minecraft.server.network.ServerGamePacketListenerImpl/]: Isaqcx moved wrongly!
[07Dec2024 00:08:00.615] [Server thread/WARN] [net.minecraft.server.level.ServerLevel/]: Tried to add entity boh:herobrine but it was marked as removed already
[07Dec2024 00:08:44.847] [Server thread/INFO] [net.minecraft.server.MinecraftServer/]: [Not Secure] [Spirit Guide] all hail RAATMA!!
[07Dec2024 00:09:17.492] [Server thread/INFO] [net.minecraft.server.MinecraftServer/]: [Not Secure] [Fallen Knight] all hail RAATMA!!
[07Dec2024 00:09:58.115] [Server thread/WARN] [net.minecraft.server.network.ServerGamePacketListenerImpl/]: Isaqcx moved wrongly!
[07Dec2024 00:10:34.199] [Server thread/INFO] [Scaling Health/]: Blight Zombie Girl has died
[07Dec2024 00:11:34.110] [Server thread/WARN] [net.minecraft.server.level.ServerLevel/]: Tried to add entity boh:herobrine but it was marked as removed already
[07Dec2024 00:12:50.916] [Server thread/WARN] [net.minecraft.server.level.ServerLevel/]: Tried to add entity boh:herobrine but it was marked as removed already
[07Dec2024 00:14:03.667] [Server thread/INFO] [Scaling Health/]: Blight Redcoat has died
[07Dec2024 00:14:29.670] [Server thread/WARN] [net.minecraft.server.level.ServerLevel/]: Tried to add entity boh:herobrine but it was marked as removed already
[07Dec2024 00:17:00.846] [Server thread/INFO] [net.minecraft.server.MinecraftServer/]: [Not Secure] [Spider] all hail RAATMA!!
[07Dec2024 00:19:09.046] [Server thread/INFO] [net.minecraft.server.MinecraftServer/]: [Not Secure] [Skeleton Thrasher] all hail RAATMA!!
[07Dec2024 00:19:52.261] [Server thread/WARN] [net.minecraft.server.network.ServerGamePacketListenerImpl/]: Isaqcx moved too quickly! -195.19999998807907,43.599998474121094,-137.1828890828824
[07Dec2024 00:20:46.458] [Server thread/INFO] [net.minecraft.server.MinecraftServer/]: [Not Secure] [Endermite] all hail RAATMA!!
[07Dec2024 00:21:31.265] [Server thread/INFO] [net.minecraft.server.MinecraftServer/]: [Not Secure] [Endermite] all hail RAATMA!!
[07Dec2024 00:22:38.514] [Server thread/INFO] [Scaling Health/]: Blight Skeleton has died
[07Dec2024 00:23:10.673] [Server thread/INFO] [net.minecraft.server.MinecraftServer/]: [Not Secure] [Endermite] all hail RAATMA!!
[07Dec2024 00:24:17.462] [Server thread/INFO] [net.minecraft.server.MinecraftServer/]: [Not Secure] [Endermite] all hail RAATMA!!
[07Dec2024 00:25:12.628] [Server thread/WARN] [net.minecraft.server.network.ServerGamePacketListenerImpl/]: Isaqcx moved wrongly!
[07Dec2024 00:25:57.121] [Server thread/INFO] [net.minecraft.world.entity.LivingEntity/]: Named entity Vindicator['Sasha the Sneaky'/24512, l='ServerLevel[world]', x=-348.47, y=57.00, z=752.47] died: Sasha the Sneaky was slain by Isaqcx using [Captive Dreams]
[07Dec2024 00:26:33.910] [Server thread/INFO] [net.minecraft.server.MinecraftServer/]: [Not Secure] [Lugbeetle] all hail RAATMA!!
[07Dec2024 00:26:47.566] [Server thread/WARN] [net.minecraft.server.level.ServerEntity/]: Fetching packet for removed entity BabyLugbeetleEntity['Lugbeetle'/10478, l='ServerLevel[world]', x=-348.50, y=-40.00, z=951.50, removed=DISCARDED]
[07Dec2024 00:26:47.921] [Server thread/WARN] [net.minecraft.server.level.ServerEntity/]: Fetching packet for removed entity BabyLugbeetleEntity['Lugbeetle'/11037, l='ServerLevel[world]', x=-343.50, y=-38.00, z=952.50, removed=DISCARDED]
[07Dec2024 00:26:48.078] [Server thread/WARN] [net.minecraft.server.level.ServerEntity/]: Fetching packet for removed entity BabyLugbeetleEntity['Lugbeetle'/10650, l='ServerLevel[world]', x=-342.50, y=-38.00, z=953.50, removed=DISCARDED]
[07Dec2024 00:27:36.472] [Server thread/WARN] [net.minecraft.server.level.ServerEntity/]: Fetching packet for removed entity BabyLugbeetleEntity['Lugbeetle'/11037, l='ServerLevel[world]', x=-343.50, y=-38.00, z=952.50, removed=DISCARDED]
[07Dec2024 00:27:37.877] [Server thread/WARN] [net.minecraft.server.level.ServerEntity/]: Fetching packet for removed entity BabyLugbeetleEntity['Lugbeetle'/10650, l='ServerLevel[world]', x=-342.50, y=-38.00, z=953.50, removed=DISCARDED]
[07Dec2024 00:30:30.916] [Server thread/WARN] [net.minecraft.server.network.ServerGamePacketListenerImpl/]: Isaqcx moved too quickly! 153.00360696934797,19.13365097039938,128.4245136282143
[07Dec2024 00:30:48.476] [Server thread/INFO] [net.minecraftforge.coremod.CoreMod.apotheosis/COREMODLOG]: Replaced 1 calls to Enchantment#getMaxLevel() in com/mrcrayfish/goblintraders/Hooks
[07Dec2024 00:32:20.414] [Server thread/INFO] [net.minecraft.server.MinecraftServer/]: [Not Secure] [Endermite] all hail RAATMA!!
[07Dec2024 00:32:30.071] [Server thread/INFO] [net.minecraft.server.MinecraftServer/]: [Not Secure] [Lugbeetle] all hail RAATMA!!
[07Dec2024 00:32:52.443] [Server thread/WARN] [net.minecraft.server.MinecraftServer/]: Can't keep up! Is the server overloaded? Running 2008ms or 40 ticks behind
[07Dec2024 00:33:00.722] [Server thread/WARN] [net.minecraft.server.level.ServerEntity/]: Fetching packet for removed entity BabyLugbeetleEntity['Lugbeetle'/30432, l='ServerLevel[world]', x=-341.50, y=12.00, z=813.50, removed=DISCARDED]
[07Dec2024 00:33:05.222] [Server thread/INFO] [Scaling Health/]: Blight Lugbeetle has died
[07Dec2024 00:33:12.690] [Server thread/WARN] [net.minecraft.server.MinecraftServer/]: Can't keep up! Is the server overloaded? Running 2005ms or 40 ticks behind
[07Dec2024 00:33:14.261] [Server thread/WARN] [net.minecraft.server.level.ServerEntity/]: Fetching packet for removed entity BabyLugbeetleEntity['Lugbeetle'/30697, l='ServerLevel[world]', x=-307.50, y=48.00, z=712.50, removed=DISCARDED]
[07Dec2024 00:33:24.637] [Server thread/WARN] [net.minecraft.server.level.ServerEntity/]: Fetching packet for removed entity BabyLugbeetleEntity['Lugbeetle'/30957, l='ServerLevel[world]', x=-307.50, y=48.00, z=712.50, removed=DISCARDED]
[07Dec2024 00:33:24.783] [Server thread/INFO] [net.minecraft.server.MinecraftServer/]: [Not Secure] [Lugbeetle] all hail RAATMA!!
[07Dec2024 00:33:31.872] [Server thread/WARN] [net.minecraft.server.MinecraftServer/]: Can't keep up! Is the server overloaded? Running 4187ms or 83 ticks behind
[07Dec2024 00:33:37.315] [Server thread/WARN] [net.minecraft.server.level.ServerEntity/]: Fetching packet for removed entity BabyLugbeetleEntity['Lugbeetle'/31347, l='ServerLevel[world]', x=-307.50, y=48.00, z=712.50, removed=DISCARDED]
[07Dec2024 00:33:41.124] [Server thread/WARN] [net.minecraft.server.level.ServerEntity/]: Fetching packet for removed entity BabyLugbeetleEntity['Lugbeetle'/31460, l='ServerLevel[world]', x=-335.50, y=9.00, z=834.50, removed=DISCARDED]
[07Dec2024 00:33:43.482] [Server thread/WARN] [net.minecraft.server.level.ServerEntity/]: Fetching packet for removed entity BabyLugbeetleEntity['Lugbeetle'/31499, l='ServerLevel[world]', x=-303.50, y=58.00, z=747.50, removed=DISCARDED]
[07Dec2024 00:33:49.236] [Server thread/WARN] [net.minecraft.server.level.ServerEntity/]: Fetching packet for removed entity BabyLugbeetleEntity['Lugbeetle'/31618, l='ServerLevel[world]', x=-307.50, y=48.00, z=711.50, removed=DISCARDED]
[07Dec2024 00:33:53.595] [Server thread/INFO] [net.minecraft.server.MinecraftServer/]: [Not Secure] [Lugbeetle] all hail RAATMA!!
[07Dec2024 00:33:55.903] [Server thread/WARN] [net.minecraft.server.MinecraftServer/]: Can't keep up! Is the server overloaded? Running 9067ms or 181 ticks behind
[07Dec2024 00:34:05.870] [Server thread/INFO] [net.minecraft.server.MinecraftServer/]: [Not Secure] [Lugbeetle] all hail RAATMA!!
[07Dec2024 00:34:13.533] [Server thread/WARN] [net.minecraft.server.level.ServerEntity/]: Fetching packet for removed entity BabyLugbeetleEntity['Lugbeetle'/31986, l='ServerLevel[world]', x=-303.50, y=53.00, z=745.50, removed=DISCARDED]
[07Dec2024 00:34:25.665] [Server thread/WARN] [net.minecraft.server.MinecraftServer/]: Can't keep up! Is the server overloaded? Running 14780ms or 295 ticks behind
[07Dec2024 00:34:34.979] [Server thread/INFO] [net.minecraft.server.MinecraftServer/]: [Not Secure] <Isaqcx> asd
[07Dec2024 00:34:46.477] [Server thread/INFO] [Scaling Health/]: Blight Lugbeetle has died
[07Dec2024 00:34:49.090] [Server thread/INFO] [net.minecraft.server.MinecraftServer/]: [Not Secure] [Endermite] all hail RAATMA!!
[07Dec2024 00:34:56.855] [Server thread/WARN] [net.minecraft.server.MinecraftServer/]: Can't keep up! Is the server overloaded? Running 16219ms or 324 ticks behind
[07Dec2024 00:35:17.810] [Server thread/INFO] [net.minecraft.server.MinecraftServer/]: [Not Secure] [Endermite] all hail RAATMA!!
[07Dec2024 00:35:21.568] [Server thread/WARN] [net.minecraft.server.MinecraftServer/]: Can't keep up! Is the server overloaded? Running 9733ms or 194 ticks behind
[07Dec2024 00:35:29.560] [Server thread/WARN] [net.minecraft.server.network.ServerGamePacketListenerImpl/]: Isaqcx moved too quickly! -17.25573361370897,6.478701633581899,14.308213602480237
[07Dec2024 00:35:41.310] [Server thread/INFO] [net.minecraft.server.MinecraftServer/]: [Not Secure] [Endermite] all hail RAATMA!!
[07Dec2024 00:35:45.670] [Server thread/WARN] [net.minecraft.server.MinecraftServer/]: Can't keep up! Is the server overloaded? Running 9134ms or 182 ticks behind
[07Dec2024 00:36:08.543] [Server thread/WARN] [net.minecraft.server.MinecraftServer/]: Can't keep up! Is the server overloaded? Running 7907ms or 158 ticks behind
[07Dec2024 00:36:31.103] [Server thread/WARN] [net.minecraft.server.MinecraftServer/]: Can't keep up! Is the server overloaded? Running 7568ms or 151 ticks behind
[07Dec2024 00:36:37.252] [Server thread/INFO] [net.minecraft.server.MinecraftServer/]: [Not Secure] [Endermite] all hail RAATMA!!
[07Dec2024 00:36:52.014] [Server thread/WARN] [net.minecraft.server.MinecraftServer/]: Can't keep up! Is the server overloaded? Running 5929ms or 118 ticks behind
[07Dec2024 00:37:11.822] [Server thread/WARN] [net.minecraft.server.MinecraftServer/]: Can't keep up! Is the server overloaded? Running 4837ms or 96 ticks behind
[07Dec2024 00:37:14.620] [Server thread/INFO] [net.minecraft.server.MinecraftServer/]: [Not Secure] [Vampire] all hail RAATMA!!
[07Dec2024 00:37:31.723] [Server thread/WARN] [net.minecraft.server.MinecraftServer/]: Can't keep up! Is the server overloaded? Running 4938ms or 98 ticks behind
[07Dec2024 00:37:51.198] [Server thread/WARN] [net.minecraft.server.MinecraftServer/]: Can't keep up! Is the server overloaded? Running 4513ms or 90 ticks behind
[07Dec2024 00:38:10.017] [Server thread/WARN] [net.minecraft.server.MinecraftServer/]: Can't keep up! Is the server overloaded? Running 3832ms or 76 ticks behind
[07Dec2024 00:38:27.124] [Server thread/WARN] [net.minecraft.server.MinecraftServer/]: Can't keep up! Is the server overloaded? Running 2139ms or 42 ticks behind
[07Dec2024 00:38:49.192] [Server thread/WARN] [net.minecraft.server.MinecraftServer/]: Can't keep up! Is the server overloaded? Running 2006ms or 40 ticks behind
[07Dec2024 00:39:19.838] [Server thread/INFO] [net.minecraft.server.MinecraftServer/]: Isaqcx has made the advancement [Night Sky Stalkers]
[07Dec2024 00:42:55.765] [Server thread/INFO] [net.minecraft.server.MinecraftServer/]: [Not Secure] [Corpse Fly] all hail RAATMA!!
[07Dec2024 00:51:25.686] [Server thread/WARN] [net.minecraft.server.MinecraftServer/]: Can't keep up! Is the server overloaded? Running 2001ms or 40 ticks behind
[07Dec2024 00:51:38.089] [Server thread/INFO] [net.minecraft.server.MinecraftServer/]: [Not Secure] [Lugbeetle] all hail RAATMA!!
[07Dec2024 00:51:44.676] [Server thread/WARN] [net.minecraft.server.level.ServerEntity/]: Fetching packet for removed entity BabyLugbeetleEntity['Lugbeetle'/41243, l='ServerLevel[world]', x=-402.50, y=67.00, z=719.50, removed=DISCARDED]
[07Dec2024 00:51:46.824] [Server thread/WARN] [net.minecraft.server.MinecraftServer/]: Can't keep up! Is the server overloaded? Running 6138ms or 122 ticks behind
[07Dec2024 00:51:53.098] [Server thread/WARN] [net.minecraft.server.level.ServerEntity/]: Fetching packet for removed entity BabyLugbeetleEntity['Lugbeetle'/41351, l='ServerLevel[world]', x=-404.50, y=67.00, z=719.50, removed=DISCARDED]
[07Dec2024 00:51:58.778] [Server thread/INFO] [net.minecraft.server.MinecraftServer/]: [Not Secure] [Lugbeetle] all hail RAATMA!!
[07Dec2024 00:52:09.043] [Server thread/INFO] [Scaling Health/]: Blight Lugbeetle has died
[07Dec2024 00:52:14.453] [Server thread/WARN] [net.minecraft.server.MinecraftServer/]: Can't keep up! Is the server overloaded? Running 12668ms or 253 ticks behind
[07Dec2024 00:52:43.469] [Server thread/WARN] [net.minecraft.server.MinecraftServer/]: Can't keep up! Is the server overloaded? Running 14033ms or 280 ticks behind
[07Dec2024 00:52:56.487] [Server thread/INFO] [net.minecraft.server.MinecraftServer/]: [Not Secure] [Lugbeetle] all hail RAATMA!!
[07Dec2024 00:53:06.274] [Server thread/INFO] [net.minecraft.server.MinecraftServer/]: [Not Secure] [Lugbeetle] all hail RAATMA!!
[07Dec2024 00:53:12.683] [Server thread/WARN] [net.minecraft.server.MinecraftServer/]: Can't keep up! Is the server overloaded? Running 14248ms or 284 ticks behind
[07Dec2024 00:53:40.703] [Server thread/WARN] [net.minecraft.server.MinecraftServer/]: Can't keep up! Is the server overloaded? Running 13068ms or 261 ticks behind
[07Dec2024 00:54:06.714] [Server thread/INFO] [net.minecraft.server.network.ServerGamePacketListenerImpl/]: Isaqcx lost connection: Disconnected
[07Dec2024 00:54:06.714] [Server thread/INFO] [net.minecraft.server.MinecraftServer/]: Isaqcx left the game
[07Dec2024 00:54:06.966] [Server thread/WARN] [net.minecraft.server.MinecraftServer/]: Can't keep up! Is the server overloaded? Running 11281ms or 225 ticks behind
[07Dec2024 00:54:14.591] [Server thread/INFO] [net.minecraft.server.MinecraftServer/]: Stopping the server
[07Dec2024 00:54:14.637] [Server thread/INFO] [com.mactso.harderfarther.utility.Utility/]: L0:harderfartherCleanup Successful
[07Dec2024 00:54:14.638] [Server thread/INFO] [net.minecraft.server.MinecraftServer/]: Stopping server
[07Dec2024 00:54:14.639] [Server thread/INFO] [net.minecraft.server.MinecraftServer/]: Saving players
[07Dec2024 00:54:14.639] [Server thread/INFO] [net.minecraft.server.MinecraftServer/]: Saving worlds
[07Dec2024 00:54:14.946] [Server thread/INFO] [net.minecraft.server.MinecraftServer/]: Saving chunks for level 'ServerLevel[world]'/minecraft:overworld
[07Dec2024 00:54:15.380] [Server thread/INFO] [net.minecraft.server.MinecraftServer/]: Saving chunks for level 'ServerLevel[world]'/javd:void
[07Dec2024 00:54:15.381] [Server thread/INFO] [net.minecraft.server.MinecraftServer/]: Saving chunks for level 'ServerLevel[world]'/minecraft:the_nether
[07Dec2024 00:54:15.382] [Server thread/INFO] [net.minecraft.server.MinecraftServer/]: Saving chunks for level 'ServerLevel[world]'/boh:level_0
[07Dec2024 00:54:15.382] [Server thread/INFO] [net.minecraft.server.MinecraftServer/]: Saving chunks for level 'ServerLevel[world]'/the_bumblezone:the_bumblezone
[07Dec2024 00:54:15.383] [Server thread/INFO] [net.minecraft.server.MinecraftServer/]: Saving chunks for level 'ServerLevel[world]'/minecraft:the_end
[07Dec2024 00:54:15.384] [Server thread/INFO] [net.minecraft.server.MinecraftServer/]: Saving chunks for level 'ServerLevel[world]'/boh:boiler_room_dimension
[07Dec2024 00:54:15.385] [Server thread/INFO] [net.minecraft.server.MinecraftServer/]: Saving chunks for level 'ServerLevel[world]'/graveyard:past
[07Dec2024 00:54:15.385] [Server thread/INFO] [net.minecraft.server.MinecraftServer/]: Saving chunks for level 'ServerLevel[world]'/boh:gaster_dimension
[07Dec2024 00:54:15.599] [Server thread/INFO] [net.minecraft.server.MinecraftServer/]: ThreadedAnvilChunkStorage (world): All chunks are saved
[07Dec2024 00:54:15.599] [Server thread/INFO] [net.minecraft.server.MinecraftServer/]: ThreadedAnvilChunkStorage (void): All chunks are saved
[07Dec2024 00:54:15.599] [Server thread/INFO] [net.minecraft.server.MinecraftServer/]: ThreadedAnvilChunkStorage (DIM-1): All chunks are saved
[07Dec2024 00:54:15.599] [Server thread/INFO] [net.minecraft.server.MinecraftServer/]: ThreadedAnvilChunkStorage (level_0): All chunks are saved
[07Dec2024 00:54:15.599] [Server thread/INFO] [net.minecraft.server.MinecraftServer/]: ThreadedAnvilChunkStorage (the_bumblezone): All chunks are saved
[07Dec2024 00:54:15.600] [Server thread/INFO] [net.minecraft.server.MinecraftServer/]: ThreadedAnvilChunkStorage (DIM1): All chunks are saved
[07Dec2024 00:54:15.600] [Server thread/INFO] [net.minecraft.server.MinecraftServer/]: ThreadedAnvilChunkStorage (boiler_room_dimension): All chunks are saved
[07Dec2024 00:54:15.600] [Server thread/INFO] [net.minecraft.server.MinecraftServer/]: ThreadedAnvilChunkStorage (past): All chunks are saved
[07Dec2024 00:54:15.600] [Server thread/INFO] [net.minecraft.server.MinecraftServer/]: ThreadedAnvilChunkStorage (gaster_dimension): All chunks are saved
[07Dec2024 00:54:15.600] [Server thread/INFO] [net.minecraft.server.MinecraftServer/]: ThreadedAnvilChunkStorage: All dimensions are saved
[07Dec2024 00:54:15.613] [Server thread/INFO] [com.yellowbrossproductions.illageandspillage.IllageAndSpillage/]: Removed entity.illageandspillage.boss_randomizer from Raids to prevent a post-mod-removal crash
[07Dec2024 00:54:15.614] [Server thread/INFO] [com.yellowbrossproductions.illageandspillage.IllageAndSpillage/]: Removed entity.illageandspillage.igniter from Raids to prevent a post-mod-removal crash
[07Dec2024 00:54:15.614] [Server thread/INFO] [com.yellowbrossproductions.illageandspillage.IllageAndSpillage/]: Removed entity.illageandspillage.engineer from Raids to prevent a post-mod-removal crash
[07Dec2024 00:54:15.614] [Server thread/INFO] [com.yellowbrossproductions.illageandspillage.IllageAndSpillage/]: Removed entity.illageandspillage.twittollager from Raids to prevent a post-mod-removal crash
[07Dec2024 00:54:15.614] [Server thread/INFO] [com.yellowbrossproductions.illageandspillage.IllageAndSpillage/]: Removed entity.illageandspillage.magispeller from Raids to prevent a post-mod-removal crash
[07Dec2024 00:54:15.614] [Server thread/INFO] [com.yellowbrossproductions.illageandspillage.IllageAndSpillage/]: Removed entity.illageandspillage.spiritcaller from Raids to prevent a post-mod-removal crash
[07Dec2024 00:54:15.614] [Server thread/INFO] [com.yellowbrossproductions.illageandspillage.IllageAndSpillage/]: Removed entity.illageandspillage.crocofang from Raids to prevent a post-mod-removal crash
[07Dec2024 00:54:15.614] [Server thread/INFO] [com.yellowbrossproductions.illageandspillage.IllageAndSpillage/]: Removed entity.illageandspillage.absorber from Raids to prevent a post-mod-removal crash
[07Dec2024 00:54:15.614] [Server thread/INFO] [com.yellowbrossproductions.illageandspillage.IllageAndSpillage/]: Removed entity.illageandspillage.preserver from Raids to prevent a post-mod-removal crash
[07Dec2024 00:54:15.615] [Server thread/INFO] [com.yellowbrossproductions.illageandspillage.IllageAndSpillage/]: Removed entity.illageandspillage.freakager from Raids to prevent a post-mod-removal crash
[07Dec2024 00:54:15.615] [Server thread/INFO] [com.yellowbrossproductions.illageandspillage.IllageAndSpillage/]: Removed entity.illageandspillage.old_freakager from Raids to prevent a post-mod-removal crash
[07Dec2024 00:54:15.615] [Server thread/INFO] [com.yellowbrossproductions.illageandspillage.IllageAndSpillage/]: Removed entity.illageandspillage.old_magispeller from Raids to prevent a post-mod-removal crash
[07Dec2024 00:54:15.637] [Server thread/INFO] [com.yellowbrossproductions.illageandspillage.IllageAndSpillage/]: Removed entity.illageandspillage.boss_randomizer from Raids to prevent a post-mod-removal crash
[07Dec2024 00:54:15.638] [Server thread/INFO] [com.yellowbrossproductions.illageandspillage.IllageAndSpillage/]: Removed entity.illageandspillage.igniter from Raids to prevent a post-mod-removal crash
[07Dec2024 00:54:15.638] [Server thread/INFO] [com.yellowbrossproductions.illageandspillage.IllageAndSpillage/]: Removed entity.illageandspillage.engineer from Raids to prevent a post-mod-removal crash
[07Dec2024 00:54:15.638] [Server thread/INFO] [com.yellowbrossproductions.illageandspillage.IllageAndSpillage/]: Removed entity.illageandspillage.twittollager from Raids to prevent a post-mod-removal crash
[07Dec2024 00:54:15.638] [Server thread/INFO] [com.yellowbrossproductions.illageandspillage.IllageAndSpillage/]: Removed entity.illageandspillage.magispeller from Raids to prevent a post-mod-removal crash
[07Dec2024 00:54:15.638] [Server thread/INFO] [com.yellowbrossproductions.illageandspillage.IllageAndSpillage/]: Removed entity.illageandspillage.spiritcaller from Raids to prevent a post-mod-removal crash
[07Dec2024 00:54:15.638] [Server thread/INFO] [com.yellowbrossproductions.illageandspillage.IllageAndSpillage/]: Removed entity.illageandspillage.crocofang from Raids to prevent a post-mod-removal crash
[07Dec2024 00:54:15.638] [Server thread/INFO] [com.yellowbrossproductions.illageandspillage.IllageAndSpillage/]: Removed entity.illageandspillage.absorber from Raids to prevent a post-mod-removal crash
[07Dec2024 00:54:15.639] [Server thread/INFO] [com.yellowbrossproductions.illageandspillage.IllageAndSpillage/]: Removed entity.illageandspillage.preserver from Raids to prevent a post-mod-removal crash
[07Dec2024 00:54:15.639] [Server thread/INFO] [com.yellowbrossproductions.illageandspillage.IllageAndSpillage/]: Removed entity.illageandspillage.freakager from Raids to prevent a post-mod-removal crash
[07Dec2024 00:54:15.639] [Server thread/INFO] [com.yellowbrossproductions.illageandspillage.IllageAndSpillage/]: Removed entity.illageandspillage.old_freakager from Raids to prevent a post-mod-removal crash
[07Dec2024 00:54:15.639] [Server thread/INFO] [com.yellowbrossproductions.illageandspillage.IllageAndSpillage/]: Removed entity.illageandspillage.old_magispeller from Raids to prevent a post-mod-removal crash
[07Dec2024 00:54:15.640] [Server thread/INFO] [com.yellowbrossproductions.illageandspillage.IllageAndSpillage/]: Removed entity.illageandspillage.boss_randomizer from Raids to prevent a post-mod-removal crash
[07Dec2024 00:54:15.640] [Server thread/INFO] [com.yellowbrossproductions.illageandspillage.IllageAndSpillage/]: Removed entity.illageandspillage.igniter from Raids to prevent a post-mod-removal crash
[07Dec2024 00:54:15.640] [Server thread/INFO] [com.yellowbrossproductions.illageandspillage.IllageAndSpillage/]: Removed entity.illageandspillage.engineer from Raids to prevent a post-mod-removal crash
[07Dec2024 00:54:15.640] [Server thread/INFO] [com.yellowbrossproductions.illageandspillage.IllageAndSpillage/]: Removed entity.illageandspillage.twittollager from Raids to prevent a post-mod-removal crash
[07Dec2024 00:54:15.641] [Server thread/INFO] [com.yellowbrossproductions.illageandspillage.IllageAndSpillage/]: Removed entity.illageandspillage.magispeller from Raids to prevent a post-mod-removal crash
[07Dec2024 00:54:15.641] [Server thread/INFO] [com.yellowbrossproductions.illageandspillage.IllageAndSpillage/]: Removed entity.illageandspillage.spiritcaller from Raids to prevent a post-mod-removal crash
[07Dec2024 00:54:15.641] [Server thread/INFO] [com.yellowbrossproductions.illageandspillage.IllageAndSpillage/]: Removed entity.illageandspillage.crocofang from Raids to prevent a post-mod-removal crash
[07Dec2024 00:54:15.641] [Server thread/INFO] [com.yellowbrossproductions.illageandspillage.IllageAndSpillage/]: Removed entity.illageandspillage.absorber from Raids to prevent a post-mod-removal crash
[07Dec2024 00:54:15.642] [Server thread/INFO] [com.yellowbrossproductions.illageandspillage.IllageAndSpillage/]: Removed entity.illageandspillage.preserver from Raids to prevent a post-mod-removal crash
[07Dec2024 00:54:15.642] [Server thread/INFO] [com.yellowbrossproductions.illageandspillage.IllageAndSpillage/]: Removed entity.illageandspillage.freakager from Raids to prevent a post-mod-removal crash
[07Dec2024 00:54:15.642] [Server thread/INFO] [com.yellowbrossproductions.illageandspillage.IllageAndSpillage/]: Removed entity.illageandspillage.old_freakager from Raids to prevent a post-mod-removal crash
[07Dec2024 00:54:15.642] [Server thread/INFO] [com.yellowbrossproductions.illageandspillage.IllageAndSpillage/]: Removed entity.illageandspillage.old_magispeller from Raids to prevent a post-mod-removal crash
[07Dec2024 00:54:15.642] [Server thread/INFO] [com.yellowbrossproductions.illageandspillage.IllageAndSpillage/]: Removed entity.illageandspillage.boss_randomizer from Raids to prevent a post-mod-removal crash
[07Dec2024 00:54:15.643] [Server thread/INFO] [com.yellowbrossproductions.illageandspillage.IllageAndSpillage/]: Removed entity.illageandspillage.igniter from Raids to prevent a post-mod-removal crash
[07Dec2024 00:54:15.643] [Server thread/INFO] [com.yellowbrossproductions.illageandspillage.IllageAndSpillage/]: Removed entity.illageandspillage.engineer from Raids to prevent a post-mod-removal crash
[07Dec2024 00:54:15.643] [Server thread/INFO] [com.yellowbrossproductions.illageandspillage.IllageAndSpillage/]: Removed entity.illageandspillage.twittollager from Raids to prevent a post-mod-removal crash
[07Dec2024 00:54:15.643] [Server thread/INFO] [com.yellowbrossproductions.illageandspillage.IllageAndSpillage/]: Removed entity.illageandspillage.magispeller from Raids to prevent a post-mod-removal crash
[07Dec2024 00:54:15.643] [Server thread/INFO] [com.yellowbrossproductions.illageandspillage.IllageAndSpillage/]: Removed entity.illageandspillage.spiritcaller from Raids to prevent a post-mod-removal crash
[07Dec2024 00:54:15.643] [Server thread/INFO] [com.yellowbrossproductions.illageandspillage.IllageAndSpillage/]: Removed entity.illageandspillage.crocofang from Raids to prevent a post-mod-removal crash
[07Dec2024 00:54:15.643] [Server thread/INFO] [com.yellowbrossproductions.illageandspillage.IllageAndSpillage/]: Removed entity.illageandspillage.absorber from Raids to prevent a post-mod-removal crash
[07Dec2024 00:54:15.643] [Server thread/INFO] [com.yellowbrossproductions.illageandspillage.IllageAndSpillage/]: Removed entity.illageandspillage.preserver from Raids to prevent a post-mod-removal crash
[07Dec2024 00:54:15.643] [Server thread/INFO] [com.yellowbrossproductions.illageandspillage.IllageAndSpillage/]: Removed entity.illageandspillage.freakager from Raids to prevent a post-mod-removal crash
[07Dec2024 00:54:15.643] [Server thread/INFO] [com.yellowbrossproductions.illageandspillage.IllageAndSpillage/]: Removed entity.illageandspillage.old_freakager from Raids to prevent a post-mod-removal crash
[07Dec2024 00:54:15.643] [Server thread/INFO] [com.yellowbrossproductions.illageandspillage.IllageAndSpillage/]: Removed entity.illageandspillage.old_magispeller from Raids to prevent a post-mod-removal crash
[07Dec2024 00:54:15.644] [Server thread/INFO] [com.yellowbrossproductions.illageandspillage.IllageAndSpillage/]: Removed entity.illageandspillage.boss_randomizer from Raids to prevent a post-mod-removal crash
[07Dec2024 00:54:15.644] [Server thread/INFO] [com.yellowbrossproductions.illageandspillage.IllageAndSpillage/]: Removed entity.illageandspillage.igniter from Raids to prevent a post-mod-removal crash
[07Dec2024 00:54:15.644] [Server thread/INFO] [com.yellowbrossproductions.illageandspillage.IllageAndSpillage/]: Removed entity.illageandspillage.engineer from Raids to prevent a post-mod-removal crash
[07Dec2024 00:54:15.644] [Server thread/INFO] [com.yellowbrossproductions.illageandspillage.IllageAndSpillage/]: Removed entity.illageandspillage.twittollager from Raids to prevent a post-mod-removal crash
[07Dec2024 00:54:15.644] [Server thread/INFO] [com.yellowbrossproductions.illageandspillage.IllageAndSpillage/]: Removed entity.illageandspillage.magispeller from Raids to prevent a post-mod-removal crash
[07Dec2024 00:54:15.644] [Server thread/INFO] [com.yellowbrossproductions.illageandspillage.IllageAndSpillage/]: Removed entity.illageandspillage.spiritcaller from Raids to prevent a post-mod-removal crash
[07Dec2024 00:54:15.644] [Server thread/INFO] [com.yellowbrossproductions.illageandspillage.IllageAndSpillage/]: Removed entity.illageandspillage.crocofang from Raids to prevent a post-mod-removal crash
[07Dec2024 00:54:15.645] [Server thread/INFO] [com.yellowbrossproductions.illageandspillage.IllageAndSpillage/]: Removed entity.illageandspillage.absorber from Raids to prevent a post-mod-removal crash
[07Dec2024 00:54:15.645] [Server thread/INFO] [com.yellowbrossproductions.illageandspillage.IllageAndSpillage/]: Removed entity.illageandspillage.preserver from Raids to prevent a post-mod-removal crash
[07Dec2024 00:54:15.645] [Server thread/INFO] [com.yellowbrossproductions.illageandspillage.IllageAndSpillage/]: Removed entity.illageandspillage.freakager from Raids to prevent a post-mod-removal crash
[07Dec2024 00:54:15.645] [Server thread/INFO] [com.yellowbrossproductions.illageandspillage.IllageAndSpillage/]: Removed entity.illageandspillage.old_freakager from Raids to prevent a post-mod-removal crash
[07Dec2024 00:54:15.645] [Server thread/INFO] [com.yellowbrossproductions.illageandspillage.IllageAndSpillage/]: Removed entity.illageandspillage.old_magispeller from Raids to prevent a post-mod-removal crash
[07Dec2024 00:54:15.645] [Server thread/INFO] [com.yellowbrossproductions.illageandspillage.IllageAndSpillage/]: Removed entity.illageandspillage.boss_randomizer from Raids to prevent a post-mod-removal crash
[07Dec2024 00:54:15.646] [Server thread/INFO] [com.yellowbrossproductions.illageandspillage.IllageAndSpillage/]: Removed entity.illageandspillage.igniter from Raids to prevent a post-mod-removal crash
[07Dec2024 00:54:15.646] [Server thread/INFO] [com.yellowbrossproductions.illageandspillage.IllageAndSpillage/]: Removed entity.illageandspillage.engineer from Raids to prevent a post-mod-removal crash
[07Dec2024 00:54:15.646] [Server thread/INFO] [com.yellowbrossproductions.illageandspillage.IllageAndSpillage/]: Removed entity.illageandspillage.twittollager from Raids to prevent a post-mod-removal crash
[07Dec2024 00:54:15.646] [Server thread/INFO] [com.yellowbrossproductions.illageandspillage.IllageAndSpillage/]: Removed entity.illageandspillage.magispeller from Raids to prevent a post-mod-removal crash
[07Dec2024 00:54:15.646] [Server thread/INFO] [com.yellowbrossproductions.illageandspillage.IllageAndSpillage/]: Removed entity.illageandspillage.spiritcaller from Raids to prevent a post-mod-removal crash
[07Dec2024 00:54:15.646] [Server thread/INFO] [com.yellowbrossproductions.illageandspillage.IllageAndSpillage/]: Removed entity.illageandspillage.crocofang from Raids to prevent a post-mod-removal crash
[07Dec2024 00:54:15.646] [Server thread/INFO] [com.yellowbrossproductions.illageandspillage.IllageAndSpillage/]: Removed entity.illageandspillage.absorber from Raids to prevent a post-mod-removal crash
[07Dec2024 00:54:15.646] [Server thread/INFO] [com.yellowbrossproductions.illageandspillage.IllageAndSpillage/]: Removed entity.illageandspillage.preserver from Raids to prevent a post-mod-removal crash
[07Dec2024 00:54:15.646] [Server thread/INFO] [com.yellowbrossproductions.illageandspillage.IllageAndSpillage/]: Removed entity.illageandspillage.freakager from Raids to prevent a post-mod-removal crash
[07Dec2024 00:54:15.646] [Server thread/INFO] [com.yellowbrossproductions.illageandspillage.IllageAndSpillage/]: Removed entity.illageandspillage.old_freakager from Raids to prevent a post-mod-removal crash
[07Dec2024 00:54:15.646] [Server thread/INFO] [com.yellowbrossproductions.illageandspillage.IllageAndSpillage/]: Removed entity.illageandspillage.old_magispeller from Raids to prevent a post-mod-removal crash
[07Dec2024 00:54:15.648] [Server thread/INFO] [com.yellowbrossproductions.illageandspillage.IllageAndSpillage/]: Removed entity.illageandspillage.boss_randomizer from Raids to prevent a post-mod-removal crash
[07Dec2024 00:54:15.648] [Server thread/INFO] [com.yellowbrossproductions.illageandspillage.IllageAndSpillage/]: Removed entity.illageandspillage.igniter from Raids to prevent a post-mod-removal crash
[07Dec2024 00:54:15.648] [Server thread/INFO] [com.yellowbrossproductions.illageandspillage.IllageAndSpillage/]: Removed entity.illageandspillage.engineer from Raids to prevent a post-mod-removal crash
[07Dec2024 00:54:15.648] [Server thread/INFO] [com.yellowbrossproductions.illageandspillage.IllageAndSpillage/]: Removed entity.illageandspillage.twittollager from Raids to prevent a post-mod-removal crash
[07Dec2024 00:54:15.648] [Server thread/INFO] [com.yellowbrossproductions.illageandspillage.IllageAndSpillage/]: Removed entity.illageandspillage.magispeller from Raids to prevent a post-mod-removal crash
[07Dec2024 00:54:15.648] [Server thread/INFO] [com.yellowbrossproductions.illageandspillage.IllageAndSpillage/]: Removed entity.illageandspillage.spiritcaller from Raids to prevent a post-mod-removal crash
[07Dec2024 00:54:15.649] [Server thread/INFO] [com.yellowbrossproductions.illageandspillage.IllageAndSpillage/]: Removed entity.illageandspillage.crocofang from Raids to prevent a post-mod-removal crash
[07Dec2024 00:54:15.649] [Server thread/INFO] [com.yellowbrossproductions.illageandspillage.IllageAndSpillage/]: Removed entity.illageandspillage.absorber from Raids to prevent a post-mod-removal crash
[07Dec2024 00:54:15.649] [Server thread/INFO] [com.yellowbrossproductions.illageandspillage.IllageAndSpillage/]: Removed entity.illageandspillage.preserver from Raids to prevent a post-mod-removal crash
[07Dec2024 00:54:15.649] [Server thread/INFO] [com.yellowbrossproductions.illageandspillage.IllageAndSpillage/]: Removed entity.illageandspillage.freakager from Raids to prevent a post-mod-removal crash
[07Dec2024 00:54:15.649] [Server thread/INFO] [com.yellowbrossproductions.illageandspillage.IllageAndSpillage/]: Removed entity.illageandspillage.old_freakager from Raids to prevent a post-mod-removal crash
[07Dec2024 00:54:15.649] [Server thread/INFO] [com.yellowbrossproductions.illageandspillage.IllageAndSpillage/]: Removed entity.illageandspillage.old_magispeller from Raids to prevent a post-mod-removal crash
[07Dec2024 00:54:15.650] [Server thread/INFO] [com.yellowbrossproductions.illageandspillage.IllageAndSpillage/]: Removed entity.illageandspillage.boss_randomizer from Raids to prevent a post-mod-removal crash
[07Dec2024 00:54:15.650] [Server thread/INFO] [com.yellowbrossproductions.illageandspillage.IllageAndSpillage/]: Removed entity.illageandspillage.igniter from Raids to prevent a post-mod-removal crash
[07Dec2024 00:54:15.650] [Server thread/INFO] [com.yellowbrossproductions.illageandspillage.IllageAndSpillage/]: Removed entity.illageandspillage.engineer from Raids to prevent a post-mod-removal crash
[07Dec2024 00:54:15.650] [Server thread/INFO] [com.yellowbrossproductions.illageandspillage.IllageAndSpillage/]: Removed entity.illageandspillage.twittollager from Raids to prevent a post-mod-removal crash
[07Dec2024 00:54:15.650] [Server thread/INFO] [com.yellowbrossproductions.illageandspillage.IllageAndSpillage/]: Removed entity.illageandspillage.magispeller from Raids to prevent a post-mod-removal crash
[07Dec2024 00:54:15.651] [Server thread/INFO] [com.yellowbrossproductions.illageandspillage.IllageAndSpillage/]: Removed entity.illageandspillage.spiritcaller from Raids to prevent a post-mod-removal crash
[07Dec2024 00:54:15.651] [Server thread/INFO] [com.yellowbrossproductions.illageandspillage.IllageAndSpillage/]: Removed entity.illageandspillage.crocofang from Raids to prevent a post-mod-removal crash
[07Dec2024 00:54:15.651] [Server thread/INFO] [com.yellowbrossproductions.illageandspillage.IllageAndSpillage/]: Removed entity.illageandspillage.absorber from Raids to prevent a post-mod-removal crash
[07Dec2024 00:54:15.651] [Server thread/INFO] [com.yellowbrossproductions.illageandspillage.IllageAndSpillage/]: Removed entity.illageandspillage.preserver from Raids to prevent a post-mod-removal crash
[07Dec2024 00:54:15.651] [Server thread/INFO] [com.yellowbrossproductions.illageandspillage.IllageAndSpillage/]: Removed entity.illageandspillage.freakager from Raids to prevent a post-mod-removal crash
[07Dec2024 00:54:15.651] [Server thread/INFO] [com.yellowbrossproductions.illageandspillage.IllageAndSpillage/]: Removed entity.illageandspillage.old_freakager from Raids to prevent a post-mod-removal crash
[07Dec2024 00:54:15.651] [Server thread/INFO] [com.yellowbrossproductions.illageandspillage.IllageAndSpillage/]: Removed entity.illageandspillage.old_magispeller from Raids to prevent a post-mod-removal crash
[07Dec2024 00:54:15.652] [Server thread/INFO] [com.yellowbrossproductions.illageandspillage.IllageAndSpillage/]: Removed entity.illageandspillage.boss_randomizer from Raids to prevent a post-mod-removal crash
[07Dec2024 00:54:15.652] [Server thread/INFO] [com.yellowbrossproductions.illageandspillage.IllageAndSpillage/]: Removed entity.illageandspillage.igniter from Raids to prevent a post-mod-removal crash
[07Dec2024 00:54:15.652] [Server thread/INFO] [com.yellowbrossproductions.illageandspillage.IllageAndSpillage/]: Removed entity.illageandspillage.engineer from Raids to prevent a post-mod-removal crash
[07Dec2024 00:54:15.652] [Server thread/INFO] [com.yellowbrossproductions.illageandspillage.IllageAndSpillage/]: Removed entity.illageandspillage.twittollager from Raids to prevent a post-mod-removal crash
[07Dec2024 00:54:15.652] [Server thread/INFO] [com.yellowbrossproductions.illageandspillage.IllageAndSpillage/]: Removed entity.illageandspillage.magispeller from Raids to prevent a post-mod-removal crash
[07Dec2024 00:54:15.652] [Server thread/INFO] [com.yellowbrossproductions.illageandspillage.IllageAndSpillage/]: Removed entity.illageandspillage.spiritcaller from Raids to prevent a post-mod-removal crash
[07Dec2024 00:54:15.652] [Server thread/INFO] [com.yellowbrossproductions.illageandspillage.IllageAndSpillage/]: Removed entity.illageandspillage.crocofang from Raids to prevent a post-mod-removal crash
[07Dec2024 00:54:15.653] [Server thread/INFO] [com.yellowbrossproductions.illageandspillage.IllageAndSpillage/]: Removed entity.illageandspillage.absorber from Raids to prevent a post-mod-removal crash
[07Dec2024 00:54:15.653] [Server thread/INFO] [com.yellowbrossproductions.illageandspillage.IllageAndSpillage/]: Removed entity.illageandspillage.preserver from Raids to prevent a post-mod-removal crash
[07Dec2024 00:54:15.653] [Server thread/INFO] [com.yellowbrossproductions.illageandspillage.IllageAndSpillage/]: Removed entity.illageandspillage.freakager from Raids to prevent a post-mod-removal crash
[07Dec2024 00:54:15.653] [Server thread/INFO] [com.yellowbrossproductions.illageandspillage.IllageAndSpillage/]: Removed entity.illageandspillage.old_freakager from Raids to prevent a post-mod-removal crash
[07Dec2024 00:54:15.653] [Server thread/INFO] [com.yellowbrossproductions.illageandspillage.IllageAndSpillage/]: Removed entity.illageandspillage.old_magispeller from Raids to prevent a post-mod-removal crash
[07Dec2024 00:54:15.659] [Server thread/INFO] [Framework/]: Unloading server configs...
[07Dec2024 00:54:15.660] [Server thread/INFO] [Framework/]: Sending config unload event for goblintraders-entities.toml
