[14:34:28] [modloading-worker-0/INFO] ========================================
[14:34:28] [modloading-worker-0/INFO] Minecraft: 1.20.1
[14:34:28] [modloading-worker-0/INFO] Side: server
[14:34:28] [modloading-worker-0/INFO] Development: false
[14:34:28] [modloading-worker-0/INFO] Version: 12.1.785
[14:34:28] [modloading-worker-0/INFO] Loader:
[14:34:28] [modloading-worker-0/INFO] - Forge: 47.3.7
[14:34:28] [modloading-worker-0/INFO] Dependencies:
[14:34:28] [modloading-worker-0/INFO] - Cloth Config: 11.1.136
[14:34:28] [modloading-worker-0/INFO] - Architectury: 9.2.14
[14:34:28] [modloading-worker-0/INFO] Mixin: 0.8.5
[14:34:28] [modloading-worker-0/INFO] OS: Linux 6.5.0-1025-azure (amd64)
[14:34:28] [modloading-worker-0/INFO] Java: 21.0.4 (Microsoft)
[14:34:28] [modloading-worker-0/INFO] ========================================
[14:34:28] [modloading-worker-0/INFO] Mods:
[14:34:28] [modloading-worker-0/INFO] - aiimprovements: 0.5.2
[14:34:28] [modloading-worker-0/INFO] - alexscaves: 2.0.2
[14:34:28] [modloading-worker-0/INFO] - alexsmobs: 1.22.9
[14:34:28] [modloading-worker-0/INFO] - apotheosis: 7.4.3
[14:34:28] [modloading-worker-0/INFO] - appleskin: 2.5.1+mc1.20.1
[14:34:28] [modloading-worker-0/INFO] - architectury: 9.2.14
[14:34:28] [modloading-worker-0/INFO] - artifacts: 9.5.13
[14:34:28] [modloading-worker-0/INFO] - athena: 3.1.1
[14:34:28] [modloading-worker-0/INFO] - attributeslib: 1.3.7
[14:34:28] [modloading-worker-0/INFO] - balm: 7.3.9
[14:34:28] [modloading-worker-0/INFO] - boh: 0.0.7
[14:34:28] [modloading-worker-0/INFO] - born_in_chaos_v1: 1.4
[14:34:28] [modloading-worker-0/INFO] - brutalbosses: 1.20.1-6.3
[14:34:28] [modloading-worker-0/INFO] - carryon: 2.1.2.7
[14:34:28] [modloading-worker-0/INFO] - cataclysm: 2.16
[14:34:28] [modloading-worker-0/INFO] - cfm: 7.0.0-pre36
[14:34:28] [modloading-worker-0/INFO] - citadel: 2.6.0
[14:34:28] [modloading-worker-0/INFO] - cloth_config: 11.1.136
[14:34:28] [modloading-worker-0/INFO] - clumps: 12.0.0.4
[14:34:28] [modloading-worker-0/INFO] - collective: 7.87
[14:34:28] [modloading-worker-0/INFO] - constructionwand: 1.20.1-2.11
[14:34:28] [modloading-worker-0/INFO] - coroutil: 1.20.1-1.3.7
[14:34:28] [modloading-worker-0/INFO] - corpse: 1.20.1-1.0.12
[14:34:28] [modloading-worker-0/INFO] - cosmeticarmorreworked: 1.20.1-v1a
[14:34:28] [modloading-worker-0/INFO] - creeperoverhaul: 3.0.2
[14:34:28] [modloading-worker-0/INFO] - crittersandcompanions: 2.2.1
[14:34:28] [modloading-worker-0/INFO] - cupboard: 1.20.1-2.7
[14:34:28] [modloading-worker-0/INFO] - curios: 5.11.0+1.20.1
[14:34:28] [modloading-worker-0/INFO] - darkmobs: 1.0.6
[14:34:28] [modloading-worker-0/INFO] - dummmmmmy: 1.20-2.0.2
[14:34:28] [modloading-worker-0/INFO] - dungeoncrawl: 2.3.14
[14:34:28] [modloading-worker-0/INFO] - dungeons_arise: 2.1.58-1.20.x
[14:34:28] [modloading-worker-0/INFO] - easy_villagers: 1.20.1-1.1.23
[14:34:28] [modloading-worker-0/INFO] - endermanoverhaul: 1.0.4
[14:34:28] [modloading-worker-0/INFO] - enderzoology: 8.0.2
[14:34:28] [modloading-worker-0/INFO] - endrem: 5.3.3-R-1.20.1
[14:34:28] [modloading-worker-0/INFO] - enemyexpansion: 2.3.1
[14:34:28] [modloading-worker-0/INFO] - enhancedai: 2.5.2
[14:34:28] [modloading-worker-0/INFO] - expandability: 9.0.4
[14:34:28] [modloading-worker-0/INFO] - farlanders: 1.4.1
[14:34:28] [modloading-worker-0/INFO] - farmersdelight: 1.20.1-1.2.4
[14:34:28] [modloading-worker-0/INFO] - fastbench: 8.0.4
[14:34:28] [modloading-worker-0/INFO] - fastfurnace: 8.0.2
[14:34:28] [modloading-worker-0/INFO] - ferritecore: 6.0.1
[14:34:28] [modloading-worker-0/INFO] - forge: 47.3.7
[14:34:28] [modloading-worker-0/INFO] - framework: 0.7.11
[14:34:28] [modloading-worker-0/INFO] - geckolib: 4.4.9
[14:34:28] [modloading-worker-0/INFO] - gobber2: 2.8.9
[14:34:28] [modloading-worker-0/INFO] - goblintraders: 1.9.3
[14:34:28] [modloading-worker-0/INFO] - graveyard: 3.1
[14:34:28] [modloading-worker-0/INFO] - harderfarther: 46.29.1
[14:34:28] [modloading-worker-0/INFO] - harderspawners: 46.25.3
[14:34:28] [modloading-worker-0/INFO] - hmag: 9.0.24
[14:34:28] [modloading-worker-0/INFO] - hostilevillages: 1.20.1-5.7
[14:34:28] [modloading-worker-0/INFO] - iceandfire: 2.1.13-1.20.1
[14:34:28] [modloading-worker-0/INFO] - illageandspillage: 1.2.2
[14:34:28] [modloading-worker-0/INFO] - immersive_melodies: 0.3.0+1.20.1
[14:34:28] [modloading-worker-0/INFO] - improvedmobs: 1.20.1-1.13.0
[14:34:28] [modloading-worker-0/INFO] - infernalmobs: 1.20.1.3
[14:34:28] [modloading-worker-0/INFO] - insanelib: 1.15.0
[14:34:28] [modloading-worker-0/INFO] - inventorysorter: 23.0.1
[14:34:28] [modloading-worker-0/INFO] - iron_ender_chests: 1.20-1.0.3
[14:34:28] [modloading-worker-0/INFO] - ironchest: 1.20.1-14.4.4
[14:34:28] [modloading-worker-0/INFO] - jade: 11.12.1+forge
[14:34:28] [modloading-worker-0/INFO] - javd: 5.0.1+mc1.20.1
[14:34:28] [modloading-worker-0/INFO] - jeed: 1.20-2.2.2
[14:34:28] [modloading-worker-0/INFO] - jei: 15.20.0.105
[14:34:28] [modloading-worker-0/INFO] - jeresources: 1.4.0.247
[14:34:28] [modloading-worker-0/INFO] - kuma_api: 20.1.8
[14:34:28] [modloading-worker-0/INFO] - lionfishapi: 1.9
[14:34:28] [modloading-worker-0/INFO] - majruszlibrary: 7.0.8
[14:34:28] [modloading-worker-0/INFO] - majruszsdifficulty: 1.9.10
[14:34:28] [modloading-worker-0/INFO] - minecraft: 1.20.1
[14:34:28] [modloading-worker-0/INFO] - mixinextras: 0.4.1
[14:34:28] [modloading-worker-0/INFO] - mob_grinding_utils: 1.20.1-1.1.0
[14:34:28] [modloading-worker-0/INFO] - mobspropertiesrandomness: 4.10.13
[14:34:28] [modloading-worker-0/INFO] - moonlight: 1.20-2.13.18
[14:34:28] [modloading-worker-0/INFO] - morevillagers: 5.0.0
[14:34:28] [modloading-worker-0/INFO] - mousetweaks: 2.25.1
[14:34:28] [modloading-worker-0/INFO] - mowziesmobs: 1.6.4
[14:34:28] [modloading-worker-0/INFO] - mr_mine_treasure: 1.3.2
[14:34:28] [modloading-worker-0/INFO] - mutantmonsters: 8.0.7
[14:34:28] [modloading-worker-0/INFO] - naturalist: 4.0.3
[14:34:28] [modloading-worker-0/INFO] - pipez: 1.20.1-1.2.16
[14:34:28] [modloading-worker-0/INFO] - placebo: 8.6.2
[14:34:28] [modloading-worker-0/INFO] - progressivebosses: 4.2.1-mc1.20.1
[14:34:28] [modloading-worker-0/INFO] - puzzlesaccessapi: 8.0.7
[14:34:28] [modloading-worker-0/INFO] - puzzleslib: 8.1.24
[14:34:28] [modloading-worker-0/INFO] - randommobeffects: 3.4
[14:34:28] [modloading-worker-0/INFO] - repurposed_structures: 7.1.15+1.20.1-forge
[14:34:28] [modloading-worker-0/INFO] - resourcefulconfig: 2.1.2
[14:34:28] [modloading-worker-0/INFO] - resourcefullib: 2.1.29
[14:34:28] [modloading-worker-0/INFO] - roughlyenoughitems: 12.1.785
[14:34:28] [modloading-worker-0/INFO] - scalinghealth: 8.0.2+9
[14:34:28] [modloading-worker-0/INFO] - silentgear: 3.6.6
[14:34:28] [modloading-worker-0/INFO] - silentgems: 4.7.0
[14:34:28] [modloading-worker-0/INFO] - silentlib: 8.0.0
[14:34:28] [modloading-worker-0/INFO] - sons_of_sins: 2.1.4.
[14:34:28] [modloading-worker-0/INFO] - sophisticatedbackpacks: 3.20.11.1115
[14:34:28] [modloading-worker-0/INFO] - sophisticatedcore: 0.6.34.718
[14:34:28] [modloading-worker-0/INFO] - structure_gel: 2.16.2
[14:34:28] [modloading-worker-0/INFO] - supermartijn642configlib: 1.1.8
[14:34:28] [modloading-worker-0/INFO] - supermartijn642corelib: 1.1.17+a
[14:34:28] [modloading-worker-0/INFO] - tameablebeasts: 6.2
[14:34:28] [modloading-worker-0/INFO] - tenshilib: 1.20.1-1.7.6
[14:34:28] [modloading-worker-0/INFO] - the_bumblezone: 7.5.0+1.20.1-forge
[14:34:28] [modloading-worker-0/INFO] - tpa: 1.5.0
[14:34:28] [modloading-worker-0/INFO] - trashcans: 1.0.18b
[14:34:28] [modloading-worker-0/INFO] - trenzalore: 3.3.10
[14:34:28] [modloading-worker-0/INFO] - ultris_mr: 5.6.9c
[14:34:28] [modloading-worker-0/INFO] - undead_revamp2: 1.0.0
[14:34:28] [modloading-worker-0/INFO] - watut: 1.20.1-1.1.3
[14:34:28] [modloading-worker-0/INFO] - waystones: 14.1.6
[14:34:28] [modloading-worker-0/INFO] - weaponmaster_ydm: 4.2.3
[14:34:28] [modloading-worker-0/INFO] ========================================
[14:34:28] [modloading-worker-0/INFO] [REI] Registered plugin provider DefaultPluginImpl [roughlyenoughitems] for REIServerPlugin
[14:34:28] [modloading-worker-0/INFO] [REI] Registered plugin provider DefaultPluginImpl [roughlyenoughitems] for REIPlugin
[14:34:28] [modloading-worker-0/INFO] [REI] Registered plugin provider DefaultRuntimePlugin [roughlyenoughitems] for REIServerPlugin
[14:34:28] [modloading-worker-0/INFO] [REI] Registered plugin provider DefaultRuntimePlugin [roughlyenoughitems] for REIPlugin
[14:34:43] [Worker-Main-2/DEBUG] [REI] Processed 0 tags in 5.691 μs for minecraft:worldgen/flat_level_generator_preset
[14:34:43] [Worker-Main-3/DEBUG] [REI] Processed 3 tags in 626.7 μs for minecraft:instrument
[14:34:43] [Worker-Main-1/DEBUG] [REI] Processed 23 tags in 394.1 μs for minecraft:fluid
[14:34:43] [Worker-Main-3/DEBUG] [REI] Processed 5 tags in 3.270 ms for minecraft:game_event
[14:34:43] [Worker-Main-1/DEBUG] [REI] Processed 0 tags in 6.412 μs for minecraft:worldgen/placed_feature
[14:34:43] [Worker-Main-3/DEBUG] [REI] Processed 19 tags in 118.9 μs for minecraft:mob_effect
[14:34:43] [Worker-Main-2/DEBUG] [REI] Processed 39 tags in 642.8 μs for minecraft:banner_pattern
[14:34:43] [Worker-Main-3/DEBUG] [REI] Processed 2 tags in 9.514 ms for minecraft:cat_variant
[14:34:43] [Worker-Main-1/DEBUG] [REI] Processed 5 tags in 48.09 μs for minecraft:enchantment
[14:34:43] [Worker-Main-1/DEBUG] [REI] Processed 1 tags in 15.31 μs for minecraft:sound_event
[14:34:43] [Worker-Main-1/DEBUG] [REI] Processed 0 tags in 11.69 μs for minecraft:worldgen/structure_set
[14:34:43] [Worker-Main-1/DEBUG] [REI] Processed 393 tags in 1.915 ms for minecraft:entity_type
[14:34:43] [Worker-Main-1/DEBUG] [REI] Processed 0 tags in 890.3 μs for minecraft:worldgen/world_preset
[14:34:43] [Worker-Main-3/DEBUG] [REI] Processed 1206 tags in 4.071 ms for minecraft:item
[14:34:43] [Worker-Main-1/DEBUG] [REI] Processed 1 tags in 49.62 μs for minecraft:painting_variant
[14:34:43] [Worker-Main-3/DEBUG] [REI] Processed 0 tags in 36.48 μs for minecraft:worldgen/structure
[14:34:43] [Worker-Main-2/DEBUG] [REI] Processed 689 tags in 16.35 ms for minecraft:block
[14:34:43] [Worker-Main-3/DEBUG] [REI] Processed 0 tags in 17.21 μs for minecraft:damage_type
[14:34:43] [Worker-Main-1/DEBUG] [REI] Processed 4 tags in 129.8 μs for minecraft:point_of_interest_type
[14:34:43] [Worker-Main-3/DEBUG] [REI] Processed 0 tags in 143.3 μs for minecraft:worldgen/biome
[14:34:46] [main/DEBUG] [REI] Starting Reload Plugins of stage null
java.lang.Throwable
	at TRANSFORMER/roughlyenoughitems@12.1.785/me.shedaniel.rei.impl.common.plugins.ReloadManagerImpl.reloadPlugins(ReloadManagerImpl.java:110)
	at TRANSFORMER/roughlyenoughitems@12.1.785/me.shedaniel.rei.RoughlyEnoughItemsCore.lambda$onInitialize$5(RoughlyEnoughItemsCore.java:163)
	at java.base/java.util.concurrent.CompletableFuture$UniRun.tryFire(CompletableFuture.java:787)
	at java.base/java.util.concurrent.CompletableFuture$Completion.run(CompletableFuture.java:482)
	at TRANSFORMER/minecraft@1.20.1/net.minecraft.server.packs.resources.SimpleReloadInstance.m_143940_(SimpleReloadInstance.java:69)
	at TRANSFORMER/minecraft@1.20.1/net.minecraft.Util.m_214652_(Util.java:783)
	at TRANSFORMER/minecraft@1.20.1/net.minecraft.Util.m_214679_(Util.java:772)
	at TRANSFORMER/minecraft@1.20.1/net.minecraft.server.Main.main(Main.java:166)
	at java.base/jdk.internal.reflect.DirectMethodHandleAccessor.invoke(DirectMethodHandleAccessor.java:103)
	at java.base/java.lang.reflect.Method.invoke(Method.java:580)
	at MC-BOOTSTRAP/fmlloader@1.20.1-47.3.7/net.minecraftforge.fml.loading.targets.CommonLaunchHandler.runTarget(CommonLaunchHandler.java:111)
	at MC-BOOTSTRAP/fmlloader@1.20.1-47.3.7/net.minecraftforge.fml.loading.targets.CommonLaunchHandler.serverService(CommonLaunchHandler.java:103)
	at MC-BOOTSTRAP/fmlloader@1.20.1-47.3.7/net.minecraftforge.fml.loading.targets.CommonServerLaunchHandler.lambda$makeService$0(CommonServerLaunchHandler.java:27)
	at MC-BOOTSTRAP/cpw.mods.modlauncher@10.0.9/cpw.mods.modlauncher.LaunchServiceHandlerDecorator.launch(LaunchServiceHandlerDecorator.java:30)
	at MC-BOOTSTRAP/cpw.mods.modlauncher@10.0.9/cpw.mods.modlauncher.LaunchServiceHandler.launch(LaunchServiceHandler.java:53)
	at MC-BOOTSTRAP/cpw.mods.modlauncher@10.0.9/cpw.mods.modlauncher.LaunchServiceHandler.launch(LaunchServiceHandler.java:71)
	at MC-BOOTSTRAP/cpw.mods.modlauncher@10.0.9/cpw.mods.modlauncher.Launcher.run(Launcher.java:108)
	at MC-BOOTSTRAP/cpw.mods.modlauncher@10.0.9/cpw.mods.modlauncher.Launcher.main(Launcher.java:78)
	at MC-BOOTSTRAP/cpw.mods.modlauncher@10.0.9/cpw.mods.modlauncher.BootstrapLaunchConsumer.accept(BootstrapLaunchConsumer.java:26)
	at MC-BOOTSTRAP/cpw.mods.modlauncher@10.0.9/cpw.mods.modlauncher.BootstrapLaunchConsumer.accept(BootstrapLaunchConsumer.java:23)
	at cpw.mods.bootstraplauncher@1.1.2/cpw.mods.bootstraplauncher.BootstrapLauncher.main(BootstrapLauncher.java:141)
[14:34:46] [main/DEBUG] [REI] ========================================
[14:34:46] [main/DEBUG] [REI] REIPlugin starting pre-reload for START.
[14:34:46] [main/DEBUG] [REI] Reloadables (7):
[14:34:46] [main/DEBUG] [REI]  - EntryTypeRegistryImpl
[14:34:46] [main/DEBUG] [REI]  - EntrySettingsAdapterRegistryImpl
[14:34:46] [main/DEBUG] [REI]  - RecipeManagerContextImpl
[14:34:46] [main/DEBUG] [REI]  - ItemComparatorRegistryImpl
[14:34:46] [main/DEBUG] [REI]  - FluidComparatorRegistryImpl
[14:34:46] [main/DEBUG] [REI]  - DisplaySerializerRegistryImpl
[14:34:46] [main/DEBUG] [REI]  - FluidSupportProviderImpl
[14:34:46] [main/DEBUG] [REI] Plugins (2):
[14:34:46] [main/DEBUG] [REI]  - (-100.00) DefaultPluginImpl of DefaultPluginImpl [roughlyenoughitems]
[14:34:46] [main/DEBUG] [REI]  - (0.00) DefaultRuntimePlugin of DefaultRuntimePlugin [roughlyenoughitems]
[14:34:46] [main/DEBUG] [REI] ========================================
[14:34:46] [main/TRACE] [REI] [REIPlugin START] Reloading Section: "pre-register/"
[14:34:46] [main/TRACE] [REI] [REIPlugin START] Reloading Section: "pre-register/DefaultPluginImpl of DefaultPluginImpl [roughlyenoughitems]/"
[14:34:46] [main/TRACE] [REI] [REIPlugin START] Reloading Section: "pre-register/DefaultPluginImpl of DefaultPluginImpl [roughlyenoughitems]/" done in 615.8 μs
[14:34:46] [main/TRACE] [REI] [REIPlugin START] Reloading Section: "pre-register/DefaultRuntimePlugin of DefaultRuntimePlugin [roughlyenoughitems]/"
[14:34:46] [main/TRACE] [REI] [REIPlugin START] Reloading Section: "pre-register/DefaultRuntimePlugin of DefaultRuntimePlugin [roughlyenoughitems]/" done in 51.49 μs
[14:34:46] [main/TRACE] [REI] [REIPlugin START] Reloading Section: "pre-register/" done in 7.612 ms
[14:34:46] [main/TRACE] [REI] [REIPlugin START] Reloading Section: "pre-stage/"
[14:34:46] [main/TRACE] [REI] [REIPlugin START] Reloading Section: "pre-stage/EntryTypeRegistryImpl/"
[14:34:46] [main/TRACE] [REI] [REIPlugin START] Reloading Section: "pre-stage/EntryTypeRegistryImpl/" done in 171.8 μs
[14:34:46] [main/TRACE] [REI] [REIPlugin START] Reloading Section: "pre-stage/EntrySettingsAdapterRegistryImpl/"
[14:34:46] [main/TRACE] [REI] [REIPlugin START] Reloading Section: "pre-stage/EntrySettingsAdapterRegistryImpl/" done in 46.16 μs
[14:34:46] [main/TRACE] [REI] [REIPlugin START] Reloading Section: "pre-stage/RecipeManagerContextImpl/"
[14:34:46] [main/TRACE] [REI] [REIPlugin START] Reloading Section: "pre-stage/RecipeManagerContextImpl/" done in 39.33 μs
[14:34:46] [main/TRACE] [REI] [REIPlugin START] Reloading Section: "pre-stage/ItemComparatorRegistryImpl/"
[14:34:46] [main/TRACE] [REI] [REIPlugin START] Reloading Section: "pre-stage/ItemComparatorRegistryImpl/" done in 53.41 μs
[14:34:46] [main/TRACE] [REI] [REIPlugin START] Reloading Section: "pre-stage/FluidComparatorRegistryImpl/"
[14:34:46] [main/TRACE] [REI] [REIPlugin START] Reloading Section: "pre-stage/FluidComparatorRegistryImpl/" done in 48.81 μs
[14:34:46] [main/TRACE] [REI] [REIPlugin START] Reloading Section: "pre-stage/DisplaySerializerRegistryImpl/"
[14:34:46] [main/TRACE] [REI] [REIPlugin START] Reloading Section: "pre-stage/DisplaySerializerRegistryImpl/" done in 101.8 μs
[14:34:46] [main/TRACE] [REI] [REIPlugin START] Reloading Section: "pre-stage/FluidSupportProviderImpl/"
[14:34:46] [main/TRACE] [REI] [REIPlugin START] Reloading Section: "pre-stage/FluidSupportProviderImpl/" done in 52.76 μs
[14:34:46] [main/TRACE] [REI] [REIPlugin START] Reloading Section: "pre-stage/" done in 1.279 ms
[14:34:46] [main/DEBUG] [REI] ========================================
[14:34:46] [main/DEBUG] [REI] REIPlugin finished pre-reload for START in 9.419 ms.
[14:34:46] [main/DEBUG] [REI] ========================================
[14:34:46] [main/DEBUG] [REI] ========================================
[14:34:46] [main/DEBUG] [REI] REIServerPlugin starting pre-reload for START.
[14:34:46] [main/DEBUG] [REI] Reloadables (2):
[14:34:46] [main/DEBUG] [REI]  - MenuInfoRegistryImpl
[14:34:46] [main/DEBUG] [REI]  - SlotAccessorRegistryImpl
[14:34:46] [main/DEBUG] [REI] Plugins (2):
[14:34:46] [main/DEBUG] [REI]  - (-100.00) DefaultPluginImpl of DefaultPluginImpl [roughlyenoughitems]
[14:34:46] [main/DEBUG] [REI]  - (0.00) DefaultRuntimePlugin of DefaultRuntimePlugin [roughlyenoughitems]
[14:34:46] [main/DEBUG] [REI] ========================================
[14:34:46] [main/TRACE] [REI] [REIServerPlugin START] Reloading Section: "pre-register/"
[14:34:46] [main/TRACE] [REI] [REIServerPlugin START] Reloading Section: "pre-register/DefaultPluginImpl of DefaultPluginImpl [roughlyenoughitems]/"
[14:34:46] [main/TRACE] [REI] [REIServerPlugin START] Reloading Section: "pre-register/DefaultPluginImpl of DefaultPluginImpl [roughlyenoughitems]/" done in 76.03 μs
[14:34:46] [main/TRACE] [REI] [REIServerPlugin START] Reloading Section: "pre-register/DefaultRuntimePlugin of DefaultRuntimePlugin [roughlyenoughitems]/"
[14:34:46] [main/TRACE] [REI] [REIServerPlugin START] Reloading Section: "pre-register/DefaultRuntimePlugin of DefaultRuntimePlugin [roughlyenoughitems]/" done in 52.17 μs
[14:34:46] [main/TRACE] [REI] [REIServerPlugin START] Reloading Section: "pre-register/" done in 396.1 μs
[14:34:46] [main/TRACE] [REI] [REIServerPlugin START] Reloading Section: "pre-stage/"
[14:34:46] [main/TRACE] [REI] [REIServerPlugin START] Reloading Section: "pre-stage/MenuInfoRegistryImpl/"
[14:34:46] [main/TRACE] [REI] [REIServerPlugin START] Reloading Section: "pre-stage/MenuInfoRegistryImpl/" done in 60.99 μs
[14:34:46] [main/TRACE] [REI] [REIServerPlugin START] Reloading Section: "pre-stage/SlotAccessorRegistryImpl/"
[14:34:46] [main/TRACE] [REI] [REIServerPlugin START] Reloading Section: "pre-stage/SlotAccessorRegistryImpl/" done in 50.43 μs
[14:34:46] [main/TRACE] [REI] [REIServerPlugin START] Reloading Section: "pre-stage/" done in 364.5 μs
[14:34:46] [main/DEBUG] [REI] ========================================
[14:34:46] [main/DEBUG] [REI] REIServerPlugin finished pre-reload for START in 915.6 μs.
[14:34:46] [main/DEBUG] [REI] ========================================
[14:34:46] [main/INFO] [REI] ****************************************
[14:34:46] [main/INFO] [REI] REIPlugin starting main-reload for START.
[14:34:46] [main/DEBUG] [REI] Reloadables (7):
[14:34:46] [main/DEBUG] [REI]  - EntryTypeRegistryImpl
[14:34:46] [main/DEBUG] [REI]  - EntrySettingsAdapterRegistryImpl
[14:34:46] [main/DEBUG] [REI]  - RecipeManagerContextImpl
[14:34:46] [main/DEBUG] [REI]  - ItemComparatorRegistryImpl
[14:34:46] [main/DEBUG] [REI]  - FluidComparatorRegistryImpl
[14:34:46] [main/DEBUG] [REI]  - DisplaySerializerRegistryImpl
[14:34:46] [main/DEBUG] [REI]  - FluidSupportProviderImpl
[14:34:46] [main/INFO] [REI] Plugins (2):
[14:34:46] [main/INFO] [REI]  - (-100.00) DefaultPluginImpl of DefaultPluginImpl [roughlyenoughitems]
[14:34:46] [main/INFO] [REI]  - (0.00) DefaultRuntimePlugin of DefaultRuntimePlugin [roughlyenoughitems]
[14:34:46] [main/INFO] [REI] ****************************************
[14:34:46] [main/TRACE] [REI] [REIPlugin START] Reloading Section: "start-reload/"
[14:34:46] [main/TRACE] [REI] [REIPlugin START] Reloading Section: "start-reload/EntryTypeRegistryImpl/"
[14:34:46] [main/TRACE] [REI] [REIPlugin START] Reloading Section: "start-reload/EntryTypeRegistryImpl/" done in 85.50 μs
[14:34:46] [main/TRACE] [REI] [REIPlugin START] Reloading Section: "start-reload/EntrySettingsAdapterRegistryImpl/"
[14:34:46] [main/TRACE] [REI] [REIPlugin START] Reloading Section: "start-reload/EntrySettingsAdapterRegistryImpl/" done in 63.38 μs
[14:34:46] [main/TRACE] [REI] [REIPlugin START] Reloading Section: "start-reload/RecipeManagerContextImpl/"
[14:34:46] [main/TRACE] [REI] [REIPlugin START] Reloading Section: "start-reload/RecipeManagerContextImpl/" done in 53.40 μs
[14:34:46] [main/TRACE] [REI] [REIPlugin START] Reloading Section: "start-reload/ItemComparatorRegistryImpl/"
[14:34:46] [main/TRACE] [REI] [REIPlugin START] Reloading Section: "start-reload/ItemComparatorRegistryImpl/" done in 70.40 μs
[14:34:46] [main/TRACE] [REI] [REIPlugin START] Reloading Section: "start-reload/FluidComparatorRegistryImpl/"
[14:34:46] [main/TRACE] [REI] [REIPlugin START] Reloading Section: "start-reload/FluidComparatorRegistryImpl/" done in 42.87 μs
[14:34:46] [main/TRACE] [REI] [REIPlugin START] Reloading Section: "start-reload/DisplaySerializerRegistryImpl/"
[14:34:46] [main/TRACE] [REI] [REIPlugin START] Reloading Section: "start-reload/DisplaySerializerRegistryImpl/" done in 43.53 μs
[14:34:46] [main/TRACE] [REI] [REIPlugin START] Reloading Section: "start-reload/FluidSupportProviderImpl/"
[14:34:46] [main/TRACE] [REI] [REIPlugin START] Reloading Section: "start-reload/FluidSupportProviderImpl/" done in 49.84 μs
[14:34:46] [main/TRACE] [REI] [REIPlugin START] Reloading Section: "start-reload/" done in 1.063 ms
[14:34:46] [main/DEBUG] [REI] ========================================
[14:34:46] [main/DEBUG] [REI] REIPlugin started main-reload for START.
[14:34:46] [main/DEBUG] [REI] ========================================
[14:34:46] [main/TRACE] [REI] [REIPlugin START] Reloading Section: "reloadable-plugin/EntryTypeRegistryImpl/"
[14:34:46] [main/TRACE] [REI] [REIPlugin START] Reloading Section: "reloadable-plugin/EntryTypeRegistryImpl/DefaultPluginImpl of DefaultPluginImpl [roughlyenoughitems]/"
[14:34:46] [main/TRACE] [REI] [REIPlugin START] Reloading Section: "reloadable-plugin/EntryTypeRegistryImpl/DefaultPluginImpl of DefaultPluginImpl [roughlyenoughitems]/" done in 224.5 μs
[14:34:46] [main/TRACE] [REI] [REIPlugin START] Reloading Section: "reloadable-plugin/EntryTypeRegistryImpl/DefaultRuntimePlugin of DefaultRuntimePlugin [roughlyenoughitems]/"
[14:34:46] [main/TRACE] [REI] [REIPlugin START] Reloading Section: "reloadable-plugin/EntryTypeRegistryImpl/DefaultRuntimePlugin of DefaultRuntimePlugin [roughlyenoughitems]/" done in 6.456 ms
[14:34:46] [main/TRACE] [REI] [REIPlugin START] Reloading Section: "reloadable-plugin/EntryTypeRegistryImpl/" done in 7.494 ms
[14:34:46] [main/TRACE] [REI] [REIPlugin START] Reloading Section: "reloadable-plugin/EntrySettingsAdapterRegistryImpl/"
[14:34:46] [main/TRACE] [REI] [REIPlugin START] Reloading Section: "reloadable-plugin/EntrySettingsAdapterRegistryImpl/DefaultPluginImpl of DefaultPluginImpl [roughlyenoughitems]/"
[14:34:46] [main/TRACE] [REI] [REIPlugin START] Reloading Section: "reloadable-plugin/EntrySettingsAdapterRegistryImpl/DefaultPluginImpl of DefaultPluginImpl [roughlyenoughitems]/" done in 81.53 μs
[14:34:46] [main/TRACE] [REI] [REIPlugin START] Reloading Section: "reloadable-plugin/EntrySettingsAdapterRegistryImpl/DefaultRuntimePlugin of DefaultRuntimePlugin [roughlyenoughitems]/"
[14:34:46] [main/TRACE] [REI] [REIPlugin START] Reloading Section: "reloadable-plugin/EntrySettingsAdapterRegistryImpl/DefaultRuntimePlugin of DefaultRuntimePlugin [roughlyenoughitems]/" done in 73.85 μs
[14:34:46] [main/TRACE] [REI] [REIPlugin START] Reloading Section: "reloadable-plugin/EntrySettingsAdapterRegistryImpl/" done in 456.3 μs
[14:34:46] [main/TRACE] [REI] [REIPlugin START] Reloading Section: "reloadable-plugin/RecipeManagerContextImpl/"
[14:34:46] [main/TRACE] [REI] [REIPlugin START] Reloading Section: "reloadable-plugin/RecipeManagerContextImpl/DefaultPluginImpl of DefaultPluginImpl [roughlyenoughitems]/"
[14:34:46] [main/TRACE] [REI] [REIPlugin START] Reloading Section: "reloadable-plugin/RecipeManagerContextImpl/DefaultPluginImpl of DefaultPluginImpl [roughlyenoughitems]/" done in 60.00 μs
[14:34:46] [main/TRACE] [REI] [REIPlugin START] Reloading Section: "reloadable-plugin/RecipeManagerContextImpl/DefaultRuntimePlugin of DefaultRuntimePlugin [roughlyenoughitems]/"
[14:34:46] [main/TRACE] [REI] [REIPlugin START] Reloading Section: "reloadable-plugin/RecipeManagerContextImpl/DefaultRuntimePlugin of DefaultRuntimePlugin [roughlyenoughitems]/" done in 63.44 μs
[14:34:46] [main/TRACE] [REI] [REIPlugin START] Reloading Section: "reloadable-plugin/RecipeManagerContextImpl/" done in 410.9 μs
[14:34:46] [main/TRACE] [REI] [REIPlugin START] Reloading Section: "reloadable-plugin/ItemComparatorRegistryImpl/"
[14:34:46] [main/TRACE] [REI] [REIPlugin START] Reloading Section: "reloadable-plugin/ItemComparatorRegistryImpl/DefaultPluginImpl of DefaultPluginImpl [roughlyenoughitems]/"
[14:34:46] [main/TRACE] [REI] [REIPlugin START] Reloading Section: "reloadable-plugin/ItemComparatorRegistryImpl/DefaultPluginImpl of DefaultPluginImpl [roughlyenoughitems]/" done in 1.254 ms
[14:34:46] [main/TRACE] [REI] [REIPlugin START] Reloading Section: "reloadable-plugin/ItemComparatorRegistryImpl/DefaultRuntimePlugin of DefaultRuntimePlugin [roughlyenoughitems]/"
[14:34:46] [main/TRACE] [REI] [REIPlugin START] Reloading Section: "reloadable-plugin/ItemComparatorRegistryImpl/DefaultRuntimePlugin of DefaultRuntimePlugin [roughlyenoughitems]/" done in 69.59 μs
[14:34:46] [main/TRACE] [REI] [REIPlugin START] Reloading Section: "reloadable-plugin/ItemComparatorRegistryImpl/" done in 1.716 ms
[14:34:46] [main/TRACE] [REI] [REIPlugin START] Reloading Section: "reloadable-plugin/FluidComparatorRegistryImpl/"
[14:34:46] [main/TRACE] [REI] [REIPlugin START] Reloading Section: "reloadable-plugin/FluidComparatorRegistryImpl/DefaultPluginImpl of DefaultPluginImpl [roughlyenoughitems]/"
[14:34:46] [main/TRACE] [REI] [REIPlugin START] Reloading Section: "reloadable-plugin/FluidComparatorRegistryImpl/DefaultPluginImpl of DefaultPluginImpl [roughlyenoughitems]/" done in 58.85 μs
[14:34:46] [main/TRACE] [REI] [REIPlugin START] Reloading Section: "reloadable-plugin/FluidComparatorRegistryImpl/DefaultRuntimePlugin of DefaultRuntimePlugin [roughlyenoughitems]/"
[14:34:46] [main/TRACE] [REI] [REIPlugin START] Reloading Section: "reloadable-plugin/FluidComparatorRegistryImpl/DefaultRuntimePlugin of DefaultRuntimePlugin [roughlyenoughitems]/" done in 71.63 μs
[14:34:46] [main/TRACE] [REI] [REIPlugin START] Reloading Section: "reloadable-plugin/FluidComparatorRegistryImpl/" done in 453.8 μs
[14:34:46] [main/TRACE] [REI] [REIPlugin START] Reloading Section: "reloadable-plugin/DisplaySerializerRegistryImpl/"
[14:34:46] [main/TRACE] [REI] [REIPlugin START] Reloading Section: "reloadable-plugin/DisplaySerializerRegistryImpl/DefaultPluginImpl of DefaultPluginImpl [roughlyenoughitems]/"
[14:34:46] [main/TRACE] [REI] [REIPlugin START] Reloading Section: "reloadable-plugin/DisplaySerializerRegistryImpl/DefaultPluginImpl of DefaultPluginImpl [roughlyenoughitems]/" done in 63.70 μs
[14:34:46] [main/TRACE] [REI] [REIPlugin START] Reloading Section: "reloadable-plugin/DisplaySerializerRegistryImpl/DefaultRuntimePlugin of DefaultRuntimePlugin [roughlyenoughitems]/"
[14:34:46] [main/TRACE] [REI] [REIPlugin START] Reloading Section: "reloadable-plugin/DisplaySerializerRegistryImpl/DefaultRuntimePlugin of DefaultRuntimePlugin [roughlyenoughitems]/" done in 74.68 μs
[14:34:46] [main/TRACE] [REI] [REIPlugin START] Reloading Section: "reloadable-plugin/DisplaySerializerRegistryImpl/" done in 383.7 μs
[14:34:46] [main/TRACE] [REI] [REIPlugin START] Reloading Section: "reloadable-plugin/FluidSupportProviderImpl/"
[14:34:46] [main/TRACE] [REI] [REIPlugin START] Reloading Section: "reloadable-plugin/FluidSupportProviderImpl/DefaultPluginImpl of DefaultPluginImpl [roughlyenoughitems]/"
[14:34:46] [main/TRACE] [REI] [REIPlugin START] Reloading Section: "reloadable-plugin/FluidSupportProviderImpl/DefaultPluginImpl of DefaultPluginImpl [roughlyenoughitems]/" done in 584.9 μs
[14:34:46] [main/TRACE] [REI] [REIPlugin START] Reloading Section: "reloadable-plugin/FluidSupportProviderImpl/DefaultRuntimePlugin of DefaultRuntimePlugin [roughlyenoughitems]/"
[14:34:46] [main/TRACE] [REI] [REIPlugin START] Reloading Section: "reloadable-plugin/FluidSupportProviderImpl/DefaultRuntimePlugin of DefaultRuntimePlugin [roughlyenoughitems]/" done in 81.42 μs
[14:34:46] [main/TRACE] [REI] [REIPlugin START] Reloading Section: "reloadable-plugin/FluidSupportProviderImpl/" done in 936.5 μs
[14:34:46] [main/DEBUG] [REI] ========================================
[14:34:46] [main/DEBUG] [REI] REIPlugin ending main-reload for START.
[14:34:46] [main/DEBUG] [REI] ========================================
[14:34:46] [main/TRACE] [REI] [REIPlugin START] Reloading Section: "end-reload/"
[14:34:46] [main/TRACE] [REI] [REIPlugin START] Reloading Section: "end-reload/EntryTypeRegistryImpl/"
[14:34:46] [main/TRACE] [REI] [REIPlugin START] Reloading Section: "end-reload/EntryTypeRegistryImpl/" done in 56.91 μs
[14:34:46] [main/TRACE] [REI] [REIPlugin START] Reloading Section: "end-reload/EntrySettingsAdapterRegistryImpl/"
[14:34:46] [main/TRACE] [REI] [REIPlugin START] Reloading Section: "end-reload/EntrySettingsAdapterRegistryImpl/" done in 70.43 μs
[14:34:46] [main/TRACE] [REI] [REIPlugin START] Reloading Section: "end-reload/RecipeManagerContextImpl/"
[14:34:46] [main/TRACE] [REI] [REIPlugin START] Reloading Section: "end-reload/RecipeManagerContextImpl/" done in 57.11 μs
[14:34:46] [main/TRACE] [REI] [REIPlugin START] Reloading Section: "end-reload/ItemComparatorRegistryImpl/"
[14:34:46] [main/TRACE] [REI] [REIPlugin START] Reloading Section: "end-reload/ItemComparatorRegistryImpl/" done in 51.39 μs
[14:34:46] [main/TRACE] [REI] [REIPlugin START] Reloading Section: "end-reload/FluidComparatorRegistryImpl/"
[14:34:46] [main/TRACE] [REI] [REIPlugin START] Reloading Section: "end-reload/FluidComparatorRegistryImpl/" done in 76.82 μs
[14:34:46] [main/TRACE] [REI] [REIPlugin START] Reloading Section: "end-reload/DisplaySerializerRegistryImpl/"
[14:34:46] [main/TRACE] [REI] [REIPlugin START] Reloading Section: "end-reload/DisplaySerializerRegistryImpl/" done in 53.80 μs
[14:34:46] [main/TRACE] [REI] [REIPlugin START] Reloading Section: "end-reload/FluidSupportProviderImpl/"
[14:34:46] [main/TRACE] [REI] [REIPlugin START] Reloading Section: "end-reload/FluidSupportProviderImpl/" done in 41.08 μs
[14:34:46] [main/TRACE] [REI] [REIPlugin START] Reloading Section: "end-reload/" done in 1.065 ms
[14:34:46] [main/DEBUG] [REI] ========================================
[14:34:46] [main/DEBUG] [REI] REIPlugin ended main-reload for START in 17.33 ms.
[14:34:46] [main/DEBUG] [REI] ========================================
[14:34:46] [main/INFO] [REI] ~~~~~~~~~~~~~~~~~~~~~~~~~~~~~~~~~~~~~~~~
[14:34:46] [main/INFO] [REI] REIServerPlugin starting main-reload for START.
[14:34:46] [main/DEBUG] [REI] Reloadables (2):
[14:34:46] [main/DEBUG] [REI]  - MenuInfoRegistryImpl
[14:34:46] [main/DEBUG] [REI]  - SlotAccessorRegistryImpl
[14:34:46] [main/INFO] [REI] Plugins (2):
[14:34:46] [main/INFO] [REI]  - (-100.00) DefaultPluginImpl of DefaultPluginImpl [roughlyenoughitems]
[14:34:46] [main/INFO] [REI]  - (0.00) DefaultRuntimePlugin of DefaultRuntimePlugin [roughlyenoughitems]
[14:34:46] [main/INFO] [REI] ~~~~~~~~~~~~~~~~~~~~~~~~~~~~~~~~~~~~~~~~
[14:34:46] [main/TRACE] [REI] [REIServerPlugin START] Reloading Section: "start-reload/"
[14:34:46] [main/TRACE] [REI] [REIServerPlugin START] Reloading Section: "start-reload/MenuInfoRegistryImpl/"
[14:34:46] [main/TRACE] [REI] [REIServerPlugin START] Reloading Section: "start-reload/MenuInfoRegistryImpl/" done in 52.55 μs
[14:34:46] [main/TRACE] [REI] [REIServerPlugin START] Reloading Section: "start-reload/SlotAccessorRegistryImpl/"
[14:34:46] [main/TRACE] [REI] [REIServerPlugin START] Reloading Section: "start-reload/SlotAccessorRegistryImpl/" done in 68.54 μs
[14:34:46] [main/TRACE] [REI] [REIServerPlugin START] Reloading Section: "start-reload/" done in 358.9 μs
[14:34:46] [main/DEBUG] [REI] ========================================
[14:34:46] [main/DEBUG] [REI] REIServerPlugin started main-reload for START.
[14:34:46] [main/DEBUG] [REI] ========================================
[14:34:46] [main/TRACE] [REI] [REIServerPlugin START] Reloading Section: "reloadable-plugin/MenuInfoRegistryImpl/"
[14:34:46] [main/TRACE] [REI] [REIServerPlugin START] Reloading Section: "reloadable-plugin/MenuInfoRegistryImpl/DefaultPluginImpl of DefaultPluginImpl [roughlyenoughitems]/"
[14:34:46] [main/TRACE] [REI] [REIServerPlugin START] Reloading Section: "reloadable-plugin/MenuInfoRegistryImpl/DefaultPluginImpl of DefaultPluginImpl [roughlyenoughitems]/" done in 56.80 μs
[14:34:46] [main/TRACE] [REI] [REIServerPlugin START] Reloading Section: "reloadable-plugin/MenuInfoRegistryImpl/DefaultRuntimePlugin of DefaultRuntimePlugin [roughlyenoughitems]/"
[14:34:46] [main/TRACE] [REI] [REIServerPlugin START] Reloading Section: "reloadable-plugin/MenuInfoRegistryImpl/DefaultRuntimePlugin of DefaultRuntimePlugin [roughlyenoughitems]/" done in 56.76 μs
[14:34:46] [main/TRACE] [REI] [REIServerPlugin START] Reloading Section: "reloadable-plugin/MenuInfoRegistryImpl/" done in 360.5 μs
[14:34:46] [main/TRACE] [REI] [REIServerPlugin START] Reloading Section: "reloadable-plugin/SlotAccessorRegistryImpl/"
[14:34:46] [main/TRACE] [REI] [REIServerPlugin START] Reloading Section: "reloadable-plugin/SlotAccessorRegistryImpl/DefaultPluginImpl of DefaultPluginImpl [roughlyenoughitems]/"
[14:34:46] [main/TRACE] [REI] [REIServerPlugin START] Reloading Section: "reloadable-plugin/SlotAccessorRegistryImpl/DefaultPluginImpl of DefaultPluginImpl [roughlyenoughitems]/" done in 54.70 μs
[14:34:46] [main/TRACE] [REI] [REIServerPlugin START] Reloading Section: "reloadable-plugin/SlotAccessorRegistryImpl/DefaultRuntimePlugin of DefaultRuntimePlugin [roughlyenoughitems]/"
[14:34:46] [main/TRACE] [REI] [REIServerPlugin START] Reloading Section: "reloadable-plugin/SlotAccessorRegistryImpl/DefaultRuntimePlugin of DefaultRuntimePlugin [roughlyenoughitems]/" done in 56.40 μs
[14:34:46] [main/TRACE] [REI] [REIServerPlugin START] Reloading Section: "reloadable-plugin/SlotAccessorRegistryImpl/" done in 339.6 μs
[14:34:46] [main/DEBUG] [REI] ========================================
[14:34:46] [main/DEBUG] [REI] REIServerPlugin ending main-reload for START.
[14:34:46] [main/DEBUG] [REI] ========================================
[14:34:46] [main/TRACE] [REI] [REIServerPlugin START] Reloading Section: "end-reload/"
[14:34:46] [main/TRACE] [REI] [REIServerPlugin START] Reloading Section: "end-reload/MenuInfoRegistryImpl/"
[14:34:46] [main/TRACE] [REI] [REIServerPlugin START] Reloading Section: "end-reload/MenuInfoRegistryImpl/" done in 56.18 μs
[14:34:46] [main/TRACE] [REI] [REIServerPlugin START] Reloading Section: "end-reload/SlotAccessorRegistryImpl/"
[14:34:46] [main/TRACE] [REI] [REIServerPlugin START] Reloading Section: "end-reload/SlotAccessorRegistryImpl/" done in 51.92 μs
[14:34:46] [main/TRACE] [REI] [REIServerPlugin START] Reloading Section: "end-reload/" done in 384.7 μs
[14:34:46] [main/DEBUG] [REI] ========================================
[14:34:46] [main/DEBUG] [REI] REIServerPlugin ended main-reload for START in 3.659 ms.
[14:34:46] [main/DEBUG] [REI] ========================================
[14:34:46] [main/DEBUG] [REI] ========================================
[14:34:46] [main/DEBUG] [REI] REIPlugin starting post-reload for START.
[14:34:46] [main/DEBUG] [REI] Reloadables (7):
[14:34:46] [main/DEBUG] [REI]  - EntryTypeRegistryImpl
[14:34:46] [main/DEBUG] [REI]  - EntrySettingsAdapterRegistryImpl
[14:34:46] [main/DEBUG] [REI]  - RecipeManagerContextImpl
[14:34:46] [main/DEBUG] [REI]  - ItemComparatorRegistryImpl
[14:34:46] [main/DEBUG] [REI]  - FluidComparatorRegistryImpl
[14:34:46] [main/DEBUG] [REI]  - DisplaySerializerRegistryImpl
[14:34:46] [main/DEBUG] [REI]  - FluidSupportProviderImpl
[14:34:46] [main/DEBUG] [REI] Plugins (2):
[14:34:46] [main/DEBUG] [REI]  - (-100.00) DefaultPluginImpl of DefaultPluginImpl [roughlyenoughitems]
[14:34:46] [main/DEBUG] [REI]  - (0.00) DefaultRuntimePlugin of DefaultRuntimePlugin [roughlyenoughitems]
[14:34:46] [main/DEBUG] [REI] ========================================
[14:34:46] [main/TRACE] [REI] [REIPlugin START] Reloading Section: "post-register/"
[14:34:46] [main/TRACE] [REI] [REIPlugin START] Reloading Section: "post-register/DefaultPluginImpl of DefaultPluginImpl [roughlyenoughitems]/"
[14:34:46] [main/TRACE] [REI] [REIPlugin START] Reloading Section: "post-register/DefaultPluginImpl of DefaultPluginImpl [roughlyenoughitems]/" done in 200.5 μs
[14:34:46] [main/TRACE] [REI] [REIPlugin START] Reloading Section: "post-register/DefaultRuntimePlugin of DefaultRuntimePlugin [roughlyenoughitems]/"
[14:34:46] [main/TRACE] [REI] [REIPlugin START] Reloading Section: "post-register/DefaultRuntimePlugin of DefaultRuntimePlugin [roughlyenoughitems]/" done in 86.92 μs
[14:34:46] [main/TRACE] [REI] [REIPlugin START] Reloading Section: "post-register/" done in 754.9 μs
[14:34:46] [main/TRACE] [REI] [REIPlugin START] Reloading Section: "post-stage/"
[14:34:46] [main/TRACE] [REI] [REIPlugin START] Reloading Section: "post-stage/EntryTypeRegistryImpl/"
[14:34:46] [main/TRACE] [REI] [REIPlugin START] Reloading Section: "post-stage/EntryTypeRegistryImpl/" done in 74.64 μs
[14:34:46] [main/TRACE] [REI] [REIPlugin START] Reloading Section: "post-stage/EntrySettingsAdapterRegistryImpl/"
[14:34:46] [main/TRACE] [REI] [REIPlugin START] Reloading Section: "post-stage/EntrySettingsAdapterRegistryImpl/" done in 68.29 μs
[14:34:46] [main/TRACE] [REI] [REIPlugin START] Reloading Section: "post-stage/RecipeManagerContextImpl/"
[14:34:46] [main/TRACE] [REI] [REIPlugin START] Reloading Section: "post-stage/RecipeManagerContextImpl/" done in 69.78 μs
[14:34:46] [main/TRACE] [REI] [REIPlugin START] Reloading Section: "post-stage/ItemComparatorRegistryImpl/"
[14:34:46] [main/TRACE] [REI] [REIPlugin START] Reloading Section: "post-stage/ItemComparatorRegistryImpl/" done in 71.42 μs
[14:34:46] [main/TRACE] [REI] [REIPlugin START] Reloading Section: "post-stage/FluidComparatorRegistryImpl/"
[14:34:46] [main/TRACE] [REI] [REIPlugin START] Reloading Section: "post-stage/FluidComparatorRegistryImpl/" done in 68.05 μs
[14:34:46] [main/TRACE] [REI] [REIPlugin START] Reloading Section: "post-stage/DisplaySerializerRegistryImpl/"
[14:34:46] [main/TRACE] [REI] [REIPlugin START] Reloading Section: "post-stage/DisplaySerializerRegistryImpl/" done in 64.69 μs
[14:34:46] [main/TRACE] [REI] [REIPlugin START] Reloading Section: "post-stage/FluidSupportProviderImpl/"
[14:34:46] [main/TRACE] [REI] [REIPlugin START] Reloading Section: "post-stage/FluidSupportProviderImpl/" done in 69.69 μs
[14:34:46] [main/TRACE] [REI] [REIPlugin START] Reloading Section: "post-stage/" done in 1.291 ms
[14:34:46] [main/DEBUG] [REI] ========================================
[14:34:46] [main/INFO] [REI] REIPlugin finished post-reload for START in 2.236 ms, totaling 28.89 ms.
[14:34:46] [main/DEBUG] [REI] ========================================
[14:34:46] [main/DEBUG] [REI] ========================================
[14:34:46] [main/DEBUG] [REI] REIServerPlugin starting post-reload for START.
[14:34:46] [main/DEBUG] [REI] Reloadables (2):
[14:34:46] [main/DEBUG] [REI]  - MenuInfoRegistryImpl
[14:34:46] [main/DEBUG] [REI]  - SlotAccessorRegistryImpl
[14:34:46] [main/DEBUG] [REI] Plugins (2):
[14:34:46] [main/DEBUG] [REI]  - (-100.00) DefaultPluginImpl of DefaultPluginImpl [roughlyenoughitems]
[14:34:46] [main/DEBUG] [REI]  - (0.00) DefaultRuntimePlugin of DefaultRuntimePlugin [roughlyenoughitems]
[14:34:46] [main/DEBUG] [REI] ========================================
[14:34:46] [main/TRACE] [REI] [REIServerPlugin START] Reloading Section: "post-register/"
[14:34:46] [main/TRACE] [REI] [REIServerPlugin START] Reloading Section: "post-register/DefaultPluginImpl of DefaultPluginImpl [roughlyenoughitems]/"
[14:34:46] [main/TRACE] [REI] [REIServerPlugin START] Reloading Section: "post-register/DefaultPluginImpl of DefaultPluginImpl [roughlyenoughitems]/" done in 57.33 μs
[14:34:46] [main/TRACE] [REI] [REIServerPlugin START] Reloading Section: "post-register/DefaultRuntimePlugin of DefaultRuntimePlugin [roughlyenoughitems]/"
[14:34:46] [main/TRACE] [REI] [REIServerPlugin START] Reloading Section: "post-register/DefaultRuntimePlugin of DefaultRuntimePlugin [roughlyenoughitems]/" done in 70.97 μs
[14:34:46] [main/TRACE] [REI] [REIServerPlugin START] Reloading Section: "post-register/" done in 410.8 μs
[14:34:46] [main/TRACE] [REI] [REIServerPlugin START] Reloading Section: "post-stage/"
[14:34:46] [main/TRACE] [REI] [REIServerPlugin START] Reloading Section: "post-stage/MenuInfoRegistryImpl/"
[14:34:46] [main/TRACE] [REI] [REIServerPlugin START] Reloading Section: "post-stage/MenuInfoRegistryImpl/" done in 50.59 μs
[14:34:46] [main/TRACE] [REI] [REIServerPlugin START] Reloading Section: "post-stage/SlotAccessorRegistryImpl/"
[14:34:46] [main/TRACE] [REI] [REIServerPlugin START] Reloading Section: "post-stage/SlotAccessorRegistryImpl/" done in 49.21 μs
[14:34:46] [main/TRACE] [REI] [REIServerPlugin START] Reloading Section: "post-stage/" done in 308.5 μs
[14:34:46] [main/DEBUG] [REI] ========================================
[14:34:46] [main/INFO] [REI] REIServerPlugin finished post-reload for START in 884.9 μs, totaling 5.367 ms.
[14:34:46] [main/DEBUG] [REI] ========================================
[14:34:46] [main/DEBUG] [REI] ========================================
[14:34:46] [main/DEBUG] [REI] REIPlugin starting pre-reload for END.
[14:34:46] [main/DEBUG] [REI] Reloadables (7):
[14:34:46] [main/DEBUG] [REI]  - EntryTypeRegistryImpl
[14:34:46] [main/DEBUG] [REI]  - EntrySettingsAdapterRegistryImpl
[14:34:46] [main/DEBUG] [REI]  - RecipeManagerContextImpl
[14:34:46] [main/DEBUG] [REI]  - ItemComparatorRegistryImpl
[14:34:46] [main/DEBUG] [REI]  - FluidComparatorRegistryImpl
[14:34:46] [main/DEBUG] [REI]  - DisplaySerializerRegistryImpl
[14:34:46] [main/DEBUG] [REI]  - FluidSupportProviderImpl
[14:34:46] [main/DEBUG] [REI] Plugins (2):
[14:34:46] [main/DEBUG] [REI]  - (-100.00) DefaultPluginImpl of DefaultPluginImpl [roughlyenoughitems]
[14:34:46] [main/DEBUG] [REI]  - (0.00) DefaultRuntimePlugin of DefaultRuntimePlugin [roughlyenoughitems]
[14:34:46] [main/DEBUG] [REI] ========================================
[14:34:46] [main/TRACE] [REI] [REIPlugin END] Reloading Section: "pre-register/"
[14:34:46] [main/TRACE] [REI] [REIPlugin END] Reloading Section: "pre-register/DefaultPluginImpl of DefaultPluginImpl [roughlyenoughitems]/"
[14:34:46] [main/TRACE] [REI] [REIPlugin END] Reloading Section: "pre-register/DefaultPluginImpl of DefaultPluginImpl [roughlyenoughitems]/" done in 50.16 μs
[14:34:46] [main/TRACE] [REI] [REIPlugin END] Reloading Section: "pre-register/DefaultRuntimePlugin of DefaultRuntimePlugin [roughlyenoughitems]/"
[14:34:46] [main/TRACE] [REI] [REIPlugin END] Reloading Section: "pre-register/DefaultRuntimePlugin of DefaultRuntimePlugin [roughlyenoughitems]/" done in 51.51 μs
[14:34:46] [main/TRACE] [REI] [REIPlugin END] Reloading Section: "pre-register/" done in 332.3 μs
[14:34:46] [main/TRACE] [REI] [REIPlugin END] Reloading Section: "pre-stage/"
[14:34:46] [main/TRACE] [REI] [REIPlugin END] Reloading Section: "pre-stage/EntryTypeRegistryImpl/"
[14:34:46] [main/TRACE] [REI] [REIPlugin END] Reloading Section: "pre-stage/EntryTypeRegistryImpl/" done in 45.03 μs
[14:34:46] [main/TRACE] [REI] [REIPlugin END] Reloading Section: "pre-stage/EntrySettingsAdapterRegistryImpl/"
[14:34:46] [main/TRACE] [REI] [REIPlugin END] Reloading Section: "pre-stage/EntrySettingsAdapterRegistryImpl/" done in 45.67 μs
[14:34:46] [main/TRACE] [REI] [REIPlugin END] Reloading Section: "pre-stage/RecipeManagerContextImpl/"
[14:34:46] [main/TRACE] [REI] [REIPlugin END] Reloading Section: "pre-stage/RecipeManagerContextImpl/" done in 45.76 μs
[14:34:46] [main/TRACE] [REI] [REIPlugin END] Reloading Section: "pre-stage/ItemComparatorRegistryImpl/"
[14:34:46] [main/TRACE] [REI] [REIPlugin END] Reloading Section: "pre-stage/ItemComparatorRegistryImpl/" done in 43.29 μs
[14:34:46] [main/TRACE] [REI] [REIPlugin END] Reloading Section: "pre-stage/FluidComparatorRegistryImpl/"
[14:34:46] [main/TRACE] [REI] [REIPlugin END] Reloading Section: "pre-stage/FluidComparatorRegistryImpl/" done in 47.95 μs
[14:34:46] [main/TRACE] [REI] [REIPlugin END] Reloading Section: "pre-stage/DisplaySerializerRegistryImpl/"
[14:34:46] [main/TRACE] [REI] [REIPlugin END] Reloading Section: "pre-stage/DisplaySerializerRegistryImpl/" done in 45.98 μs
[14:34:46] [main/TRACE] [REI] [REIPlugin END] Reloading Section: "pre-stage/FluidSupportProviderImpl/"
[14:34:46] [main/TRACE] [REI] [REIPlugin END] Reloading Section: "pre-stage/FluidSupportProviderImpl/" done in 56.94 μs
[14:34:46] [main/TRACE] [REI] [REIPlugin END] Reloading Section: "pre-stage/" done in 900.0 μs
[14:34:46] [main/DEBUG] [REI] ========================================
[14:34:46] [main/DEBUG] [REI] REIPlugin finished pre-reload for END in 1.366 ms.
[14:34:46] [main/DEBUG] [REI] ========================================
[14:34:46] [main/DEBUG] [REI] ========================================
[14:34:46] [main/DEBUG] [REI] REIServerPlugin starting pre-reload for END.
[14:34:46] [main/DEBUG] [REI] Reloadables (2):
[14:34:46] [main/DEBUG] [REI]  - MenuInfoRegistryImpl
[14:34:46] [main/DEBUG] [REI]  - SlotAccessorRegistryImpl
[14:34:46] [main/DEBUG] [REI] Plugins (2):
[14:34:46] [main/DEBUG] [REI]  - (-100.00) DefaultPluginImpl of DefaultPluginImpl [roughlyenoughitems]
[14:34:46] [main/DEBUG] [REI]  - (0.00) DefaultRuntimePlugin of DefaultRuntimePlugin [roughlyenoughitems]
[14:34:46] [main/DEBUG] [REI] ========================================
[14:34:46] [main/TRACE] [REI] [REIServerPlugin END] Reloading Section: "pre-register/"
[14:34:46] [main/TRACE] [REI] [REIServerPlugin END] Reloading Section: "pre-register/DefaultPluginImpl of DefaultPluginImpl [roughlyenoughitems]/"
[14:34:46] [main/TRACE] [REI] [REIServerPlugin END] Reloading Section: "pre-register/DefaultPluginImpl of DefaultPluginImpl [roughlyenoughitems]/" done in 63.22 μs
[14:34:46] [main/TRACE] [REI] [REIServerPlugin END] Reloading Section: "pre-register/DefaultRuntimePlugin of DefaultRuntimePlugin [roughlyenoughitems]/"
[14:34:46] [main/TRACE] [REI] [REIServerPlugin END] Reloading Section: "pre-register/DefaultRuntimePlugin of DefaultRuntimePlugin [roughlyenoughitems]/" done in 160.2 μs
[14:34:46] [main/TRACE] [REI] [REIServerPlugin END] Reloading Section: "pre-register/" done in 462.3 μs
[14:34:46] [main/TRACE] [REI] [REIServerPlugin END] Reloading Section: "pre-stage/"
[14:34:46] [main/TRACE] [REI] [REIServerPlugin END] Reloading Section: "pre-stage/MenuInfoRegistryImpl/"
[14:34:46] [main/TRACE] [REI] [REIServerPlugin END] Reloading Section: "pre-stage/MenuInfoRegistryImpl/" done in 50.37 μs
[14:34:46] [main/TRACE] [REI] [REIServerPlugin END] Reloading Section: "pre-stage/SlotAccessorRegistryImpl/"
[14:34:46] [main/TRACE] [REI] [REIServerPlugin END] Reloading Section: "pre-stage/SlotAccessorRegistryImpl/" done in 45.66 μs
[14:34:46] [main/TRACE] [REI] [REIServerPlugin END] Reloading Section: "pre-stage/" done in 281.7 μs
[14:34:46] [main/DEBUG] [REI] ========================================
[14:34:46] [main/DEBUG] [REI] REIServerPlugin finished pre-reload for END in 870.7 μs.
[14:34:46] [main/DEBUG] [REI] ========================================
[14:34:46] [main/INFO] [REI] ----------------------------------------
[14:34:46] [main/INFO] [REI] REIPlugin starting main-reload for END.
[14:34:46] [main/DEBUG] [REI] Reloadables (7):
[14:34:46] [main/DEBUG] [REI]  - EntryTypeRegistryImpl
[14:34:46] [main/DEBUG] [REI]  - EntrySettingsAdapterRegistryImpl
[14:34:46] [main/DEBUG] [REI]  - RecipeManagerContextImpl
[14:34:46] [main/DEBUG] [REI]  - ItemComparatorRegistryImpl
[14:34:46] [main/DEBUG] [REI]  - FluidComparatorRegistryImpl
[14:34:46] [main/DEBUG] [REI]  - DisplaySerializerRegistryImpl
[14:34:46] [main/DEBUG] [REI]  - FluidSupportProviderImpl
[14:34:46] [main/INFO] [REI] Plugins (2):
[14:34:46] [main/INFO] [REI]  - (-100.00) DefaultPluginImpl of DefaultPluginImpl [roughlyenoughitems]
[14:34:46] [main/INFO] [REI]  - (0.00) DefaultRuntimePlugin of DefaultRuntimePlugin [roughlyenoughitems]
[14:34:46] [main/INFO] [REI] ----------------------------------------
[14:34:46] [main/TRACE] [REI] [REIPlugin END] Reloading Section: "start-reload/"
[14:34:46] [main/TRACE] [REI] [REIPlugin END] Reloading Section: "start-reload/EntryTypeRegistryImpl/"
[14:34:46] [main/TRACE] [REI] [REIPlugin END] Reloading Section: "start-reload/EntryTypeRegistryImpl/" done in 47.26 μs
[14:34:46] [main/TRACE] [REI] [REIPlugin END] Reloading Section: "start-reload/EntrySettingsAdapterRegistryImpl/"
[14:34:46] [main/TRACE] [REI] [REIPlugin END] Reloading Section: "start-reload/EntrySettingsAdapterRegistryImpl/" done in 56.01 μs
[14:34:46] [main/TRACE] [REI] [REIPlugin END] Reloading Section: "start-reload/RecipeManagerContextImpl/"
[14:34:46] [main/TRACE] [REI] [REIPlugin END] Reloading Section: "start-reload/RecipeManagerContextImpl/" done in 49.84 μs
[14:34:46] [main/TRACE] [REI] [REIPlugin END] Reloading Section: "start-reload/ItemComparatorRegistryImpl/"
[14:34:46] [main/TRACE] [REI] [REIPlugin END] Reloading Section: "start-reload/ItemComparatorRegistryImpl/" done in 47.60 μs
[14:34:46] [main/TRACE] [REI] [REIPlugin END] Reloading Section: "start-reload/FluidComparatorRegistryImpl/"
[14:34:46] [main/TRACE] [REI] [REIPlugin END] Reloading Section: "start-reload/FluidComparatorRegistryImpl/" done in 48.38 μs
[14:34:46] [main/TRACE] [REI] [REIPlugin END] Reloading Section: "start-reload/DisplaySerializerRegistryImpl/"
[14:34:46] [main/TRACE] [REI] [REIPlugin END] Reloading Section: "start-reload/DisplaySerializerRegistryImpl/" done in 55.04 μs
[14:34:46] [main/TRACE] [REI] [REIPlugin END] Reloading Section: "start-reload/FluidSupportProviderImpl/"
[14:34:46] [main/TRACE] [REI] [REIPlugin END] Reloading Section: "start-reload/FluidSupportProviderImpl/" done in 86.20 μs
[14:34:46] [main/TRACE] [REI] [REIPlugin END] Reloading Section: "start-reload/" done in 1.014 ms
[14:34:46] [main/DEBUG] [REI] ========================================
[14:34:46] [main/DEBUG] [REI] REIPlugin started main-reload for END.
[14:34:46] [main/DEBUG] [REI] ========================================
[14:34:46] [main/TRACE] [REI] [REIPlugin END] Reloading Section: "reloadable-plugin/EntryTypeRegistryImpl/"
[14:34:46] [main/TRACE] [REI] [REIPlugin END] Reloading Section: "reloadable-plugin/EntryTypeRegistryImpl/DefaultPluginImpl of DefaultPluginImpl [roughlyenoughitems]/"
[14:34:46] [main/TRACE] [REI] [REIPlugin END] Reloading Section: "reloadable-plugin/EntryTypeRegistryImpl/DefaultPluginImpl of DefaultPluginImpl [roughlyenoughitems]/" done in 61.79 μs
[14:34:46] [main/TRACE] [REI] [REIPlugin END] Reloading Section: "reloadable-plugin/EntryTypeRegistryImpl/DefaultRuntimePlugin of DefaultRuntimePlugin [roughlyenoughitems]/"
[14:34:46] [main/TRACE] [REI] [REIPlugin END] Reloading Section: "reloadable-plugin/EntryTypeRegistryImpl/DefaultRuntimePlugin of DefaultRuntimePlugin [roughlyenoughitems]/" done in 59.95 μs
[14:34:46] [main/TRACE] [REI] [REIPlugin END] Reloading Section: "reloadable-plugin/EntryTypeRegistryImpl/" done in 371.9 μs
[14:34:46] [main/TRACE] [REI] [REIPlugin END] Reloading Section: "reloadable-plugin/EntrySettingsAdapterRegistryImpl/"
[14:34:46] [main/TRACE] [REI] [REIPlugin END] Reloading Section: "reloadable-plugin/EntrySettingsAdapterRegistryImpl/DefaultPluginImpl of DefaultPluginImpl [roughlyenoughitems]/"
[14:34:46] [main/TRACE] [REI] [REIPlugin END] Reloading Section: "reloadable-plugin/EntrySettingsAdapterRegistryImpl/DefaultPluginImpl of DefaultPluginImpl [roughlyenoughitems]/" done in 65.60 μs
[14:34:46] [main/TRACE] [REI] [REIPlugin END] Reloading Section: "reloadable-plugin/EntrySettingsAdapterRegistryImpl/DefaultRuntimePlugin of DefaultRuntimePlugin [roughlyenoughitems]/"
[14:34:46] [main/TRACE] [REI] [REIPlugin END] Reloading Section: "reloadable-plugin/EntrySettingsAdapterRegistryImpl/DefaultRuntimePlugin of DefaultRuntimePlugin [roughlyenoughitems]/" done in 94.44 μs
[14:34:46] [main/TRACE] [REI] [REIPlugin END] Reloading Section: "reloadable-plugin/EntrySettingsAdapterRegistryImpl/" done in 401.6 μs
[14:34:46] [main/TRACE] [REI] [REIPlugin END] Reloading Section: "reloadable-plugin/RecipeManagerContextImpl/"
[14:34:46] [main/TRACE] [REI] [REIPlugin END] Reloading Section: "reloadable-plugin/RecipeManagerContextImpl/DefaultPluginImpl of DefaultPluginImpl [roughlyenoughitems]/"
[14:34:46] [main/TRACE] [REI] [REIPlugin END] Reloading Section: "reloadable-plugin/RecipeManagerContextImpl/DefaultPluginImpl of DefaultPluginImpl [roughlyenoughitems]/" done in 58.39 μs
[14:34:46] [main/TRACE] [REI] [REIPlugin END] Reloading Section: "reloadable-plugin/RecipeManagerContextImpl/DefaultRuntimePlugin of DefaultRuntimePlugin [roughlyenoughitems]/"
[14:34:46] [main/TRACE] [REI] [REIPlugin END] Reloading Section: "reloadable-plugin/RecipeManagerContextImpl/DefaultRuntimePlugin of DefaultRuntimePlugin [roughlyenoughitems]/" done in 55.50 μs
[14:34:46] [main/TRACE] [REI] [REIPlugin END] Reloading Section: "reloadable-plugin/RecipeManagerContextImpl/" done in 384.4 μs
[14:34:46] [main/TRACE] [REI] [REIPlugin END] Reloading Section: "reloadable-plugin/ItemComparatorRegistryImpl/"
[14:34:46] [main/TRACE] [REI] [REIPlugin END] Reloading Section: "reloadable-plugin/ItemComparatorRegistryImpl/DefaultPluginImpl of DefaultPluginImpl [roughlyenoughitems]/"
[14:34:46] [main/TRACE] [REI] [REIPlugin END] Reloading Section: "reloadable-plugin/ItemComparatorRegistryImpl/DefaultPluginImpl of DefaultPluginImpl [roughlyenoughitems]/" done in 53.20 μs
[14:34:46] [main/TRACE] [REI] [REIPlugin END] Reloading Section: "reloadable-plugin/ItemComparatorRegistryImpl/DefaultRuntimePlugin of DefaultRuntimePlugin [roughlyenoughitems]/"
[14:34:46] [main/TRACE] [REI] [REIPlugin END] Reloading Section: "reloadable-plugin/ItemComparatorRegistryImpl/DefaultRuntimePlugin of DefaultRuntimePlugin [roughlyenoughitems]/" done in 52.64 μs
[14:34:46] [main/TRACE] [REI] [REIPlugin END] Reloading Section: "reloadable-plugin/ItemComparatorRegistryImpl/" done in 335.3 μs
[14:34:46] [main/TRACE] [REI] [REIPlugin END] Reloading Section: "reloadable-plugin/FluidComparatorRegistryImpl/"
[14:34:46] [main/TRACE] [REI] [REIPlugin END] Reloading Section: "reloadable-plugin/FluidComparatorRegistryImpl/DefaultPluginImpl of DefaultPluginImpl [roughlyenoughitems]/"
[14:34:46] [main/TRACE] [REI] [REIPlugin END] Reloading Section: "reloadable-plugin/FluidComparatorRegistryImpl/DefaultPluginImpl of DefaultPluginImpl [roughlyenoughitems]/" done in 54.51 μs
[14:34:46] [main/TRACE] [REI] [REIPlugin END] Reloading Section: "reloadable-plugin/FluidComparatorRegistryImpl/DefaultRuntimePlugin of DefaultRuntimePlugin [roughlyenoughitems]/"
[14:34:46] [main/TRACE] [REI] [REIPlugin END] Reloading Section: "reloadable-plugin/FluidComparatorRegistryImpl/DefaultRuntimePlugin of DefaultRuntimePlugin [roughlyenoughitems]/" done in 51.23 μs
[14:34:46] [main/TRACE] [REI] [REIPlugin END] Reloading Section: "reloadable-plugin/FluidComparatorRegistryImpl/" done in 331.4 μs
[14:34:46] [main/TRACE] [REI] [REIPlugin END] Reloading Section: "reloadable-plugin/DisplaySerializerRegistryImpl/"
[14:34:46] [main/TRACE] [REI] [REIPlugin END] Reloading Section: "reloadable-plugin/DisplaySerializerRegistryImpl/DefaultPluginImpl of DefaultPluginImpl [roughlyenoughitems]/"
[14:34:46] [main/TRACE] [REI] [REIPlugin END] Reloading Section: "reloadable-plugin/DisplaySerializerRegistryImpl/DefaultPluginImpl of DefaultPluginImpl [roughlyenoughitems]/" done in 22.20 ms
[14:34:46] [main/TRACE] [REI] [REIPlugin END] Reloading Section: "reloadable-plugin/DisplaySerializerRegistryImpl/DefaultRuntimePlugin of DefaultRuntimePlugin [roughlyenoughitems]/"
[14:34:46] [main/TRACE] [REI] [REIPlugin END] Reloading Section: "reloadable-plugin/DisplaySerializerRegistryImpl/DefaultRuntimePlugin of DefaultRuntimePlugin [roughlyenoughitems]/" done in 111.5 μs
[14:34:46] [main/TRACE] [REI] [REIPlugin END] Reloading Section: "reloadable-plugin/DisplaySerializerRegistryImpl/" done in 22.74 ms
[14:34:46] [main/TRACE] [REI] [REIPlugin END] Reloading Section: "reloadable-plugin/FluidSupportProviderImpl/"
[14:34:46] [main/TRACE] [REI] [REIPlugin END] Reloading Section: "reloadable-plugin/FluidSupportProviderImpl/DefaultPluginImpl of DefaultPluginImpl [roughlyenoughitems]/"
[14:34:46] [main/TRACE] [REI] [REIPlugin END] Reloading Section: "reloadable-plugin/FluidSupportProviderImpl/DefaultPluginImpl of DefaultPluginImpl [roughlyenoughitems]/" done in 78.18 μs
[14:34:46] [main/TRACE] [REI] [REIPlugin END] Reloading Section: "reloadable-plugin/FluidSupportProviderImpl/DefaultRuntimePlugin of DefaultRuntimePlugin [roughlyenoughitems]/"
[14:34:46] [main/TRACE] [REI] [REIPlugin END] Reloading Section: "reloadable-plugin/FluidSupportProviderImpl/DefaultRuntimePlugin of DefaultRuntimePlugin [roughlyenoughitems]/" done in 73.60 μs
[14:34:46] [main/TRACE] [REI] [REIPlugin END] Reloading Section: "reloadable-plugin/FluidSupportProviderImpl/" done in 456.1 μs
[14:34:46] [main/DEBUG] [REI] ========================================
[14:34:46] [main/DEBUG] [REI] REIPlugin ending main-reload for END.
[14:34:46] [main/DEBUG] [REI] ========================================
[14:34:46] [main/TRACE] [REI] [REIPlugin END] Reloading Section: "end-reload/"
[14:34:46] [main/TRACE] [REI] [REIPlugin END] Reloading Section: "end-reload/EntryTypeRegistryImpl/"
[14:34:46] [main/TRACE] [REI] [REIPlugin END] Reloading Section: "end-reload/EntryTypeRegistryImpl/" done in 45.63 μs
[14:34:46] [main/TRACE] [REI] [REIPlugin END] Reloading Section: "end-reload/EntrySettingsAdapterRegistryImpl/"
[14:34:46] [main/TRACE] [REI] [REIPlugin END] Reloading Section: "end-reload/EntrySettingsAdapterRegistryImpl/" done in 48.23 μs
[14:34:46] [main/TRACE] [REI] [REIPlugin END] Reloading Section: "end-reload/RecipeManagerContextImpl/"
[14:34:46] [main/TRACE] [REI] [REIPlugin END] Reloading Section: "end-reload/RecipeManagerContextImpl/" done in 49.03 μs
[14:34:46] [main/TRACE] [REI] [REIPlugin END] Reloading Section: "end-reload/ItemComparatorRegistryImpl/"
[14:34:46] [main/TRACE] [REI] [REIPlugin END] Reloading Section: "end-reload/ItemComparatorRegistryImpl/" done in 64.01 μs
[14:34:46] [main/TRACE] [REI] [REIPlugin END] Reloading Section: "end-reload/FluidComparatorRegistryImpl/"
[14:34:46] [main/TRACE] [REI] [REIPlugin END] Reloading Section: "end-reload/FluidComparatorRegistryImpl/" done in 37.27 μs
[14:34:46] [main/TRACE] [REI] [REIPlugin END] Reloading Section: "end-reload/DisplaySerializerRegistryImpl/"
[14:34:46] [main/TRACE] [REI] [REIPlugin END] Reloading Section: "end-reload/DisplaySerializerRegistryImpl/" done in 32.02 μs
[14:34:46] [main/TRACE] [REI] [REIPlugin END] Reloading Section: "end-reload/FluidSupportProviderImpl/"
[14:34:46] [main/TRACE] [REI] [REIPlugin END] Reloading Section: "end-reload/FluidSupportProviderImpl/" done in 32.22 μs
[14:34:46] [main/TRACE] [REI] [REIPlugin END] Reloading Section: "end-reload/" done in 930.8 μs
[14:34:46] [main/DEBUG] [REI] ========================================
[14:34:46] [main/DEBUG] [REI] REIPlugin ended main-reload for END in 29.94 ms.
[14:34:46] [main/DEBUG] [REI] ========================================
[14:34:46] [main/INFO] [REI] ****************************************
[14:34:46] [main/INFO] [REI] REIServerPlugin starting main-reload for END.
[14:34:46] [main/DEBUG] [REI] Reloadables (2):
[14:34:46] [main/DEBUG] [REI]  - MenuInfoRegistryImpl
[14:34:46] [main/DEBUG] [REI]  - SlotAccessorRegistryImpl
[14:34:46] [main/INFO] [REI] Plugins (2):
[14:34:46] [main/INFO] [REI]  - (-100.00) DefaultPluginImpl of DefaultPluginImpl [roughlyenoughitems]
[14:34:46] [main/INFO] [REI]  - (0.00) DefaultRuntimePlugin of DefaultRuntimePlugin [roughlyenoughitems]
[14:34:46] [main/INFO] [REI] ****************************************
[14:34:46] [main/TRACE] [REI] [REIServerPlugin END] Reloading Section: "start-reload/"
[14:34:46] [main/TRACE] [REI] [REIServerPlugin END] Reloading Section: "start-reload/MenuInfoRegistryImpl/"
[14:34:46] [main/TRACE] [REI] [REIServerPlugin END] Reloading Section: "start-reload/MenuInfoRegistryImpl/" done in 52.79 μs
[14:34:46] [main/TRACE] [REI] [REIServerPlugin END] Reloading Section: "start-reload/SlotAccessorRegistryImpl/"
[14:34:46] [main/TRACE] [REI] [REIServerPlugin END] Reloading Section: "start-reload/SlotAccessorRegistryImpl/" done in 42.02 μs
[14:34:46] [main/TRACE] [REI] [REIServerPlugin END] Reloading Section: "start-reload/" done in 291.1 μs
[14:34:46] [main/DEBUG] [REI] ========================================
[14:34:46] [main/DEBUG] [REI] REIServerPlugin started main-reload for END.
[14:34:46] [main/DEBUG] [REI] ========================================
[14:34:46] [main/TRACE] [REI] [REIServerPlugin END] Reloading Section: "reloadable-plugin/MenuInfoRegistryImpl/"
[14:34:46] [main/TRACE] [REI] [REIServerPlugin END] Reloading Section: "reloadable-plugin/MenuInfoRegistryImpl/DefaultPluginImpl of DefaultPluginImpl [roughlyenoughitems]/"
[14:34:46] [main/TRACE] [REI] [REIServerPlugin END] Reloading Section: "reloadable-plugin/MenuInfoRegistryImpl/DefaultPluginImpl of DefaultPluginImpl [roughlyenoughitems]/" done in 55.04 μs
[14:34:46] [main/TRACE] [REI] [REIServerPlugin END] Reloading Section: "reloadable-plugin/MenuInfoRegistryImpl/DefaultRuntimePlugin of DefaultRuntimePlugin [roughlyenoughitems]/"
[14:34:46] [main/TRACE] [REI] [REIServerPlugin END] Reloading Section: "reloadable-plugin/MenuInfoRegistryImpl/DefaultRuntimePlugin of DefaultRuntimePlugin [roughlyenoughitems]/" done in 43.73 μs
[14:34:46] [main/TRACE] [REI] [REIServerPlugin END] Reloading Section: "reloadable-plugin/MenuInfoRegistryImpl/" done in 287.5 μs
[14:34:46] [main/TRACE] [REI] [REIServerPlugin END] Reloading Section: "reloadable-plugin/SlotAccessorRegistryImpl/"
[14:34:46] [main/TRACE] [REI] [REIServerPlugin END] Reloading Section: "reloadable-plugin/SlotAccessorRegistryImpl/DefaultPluginImpl of DefaultPluginImpl [roughlyenoughitems]/"
[14:34:46] [main/TRACE] [REI] [REIServerPlugin END] Reloading Section: "reloadable-plugin/SlotAccessorRegistryImpl/DefaultPluginImpl of DefaultPluginImpl [roughlyenoughitems]/" done in 52.56 μs
[14:34:46] [main/TRACE] [REI] [REIServerPlugin END] Reloading Section: "reloadable-plugin/SlotAccessorRegistryImpl/DefaultRuntimePlugin of DefaultRuntimePlugin [roughlyenoughitems]/"
[14:34:46] [main/DEBUG] [REI] Added slot accessor serializer: me.shedaniel.rei.plugin.common.runtime.DefaultRuntimePlugin$1@55c4fa6e [roughlyenoughitems:vanilla]
[14:34:46] [main/DEBUG] [REI] Added slot accessor serializer: me.shedaniel.rei.plugin.common.runtime.DefaultRuntimePlugin$2@6bb0117b [roughlyenoughitems:player]
[14:34:46] [main/TRACE] [REI] [REIServerPlugin END] Reloading Section: "reloadable-plugin/SlotAccessorRegistryImpl/DefaultRuntimePlugin of DefaultRuntimePlugin [roughlyenoughitems]/" done in 1.598 ms
[14:34:46] [main/TRACE] [REI] [REIServerPlugin END] Reloading Section: "reloadable-plugin/SlotAccessorRegistryImpl/" done in 1.820 ms
[14:34:46] [main/DEBUG] [REI] ========================================
[14:34:46] [main/DEBUG] [REI] REIServerPlugin ending main-reload for END.
[14:34:46] [main/DEBUG] [REI] ========================================
[14:34:46] [main/TRACE] [REI] [REIServerPlugin END] Reloading Section: "end-reload/"
[14:34:46] [main/TRACE] [REI] [REIServerPlugin END] Reloading Section: "end-reload/MenuInfoRegistryImpl/"
[14:34:46] [main/DEBUG] [REI] Registered 0 menu infos
[14:34:46] [main/TRACE] [REI] [REIServerPlugin END] Reloading Section: "end-reload/MenuInfoRegistryImpl/" done in 146.4 μs
[14:34:46] [main/TRACE] [REI] [REIServerPlugin END] Reloading Section: "end-reload/SlotAccessorRegistryImpl/"
[14:34:46] [main/DEBUG] [REI] Registered 2 slot accessor serializers
[14:34:46] [main/TRACE] [REI] [REIServerPlugin END] Reloading Section: "end-reload/SlotAccessorRegistryImpl/" done in 163.5 μs
[14:34:46] [main/TRACE] [REI] [REIServerPlugin END] Reloading Section: "end-reload/" done in 513.9 μs
[14:34:46] [main/DEBUG] [REI] ========================================
[14:34:46] [main/DEBUG] [REI] REIServerPlugin ended main-reload for END in 4.910 ms.
[14:34:46] [main/DEBUG] [REI] ========================================
[14:34:46] [main/DEBUG] [REI] ========================================
[14:34:46] [main/DEBUG] [REI] REIPlugin starting post-reload for END.
[14:34:46] [main/DEBUG] [REI] Reloadables (7):
[14:34:46] [main/DEBUG] [REI]  - EntryTypeRegistryImpl
[14:34:46] [main/DEBUG] [REI]  - EntrySettingsAdapterRegistryImpl
[14:34:46] [main/DEBUG] [REI]  - RecipeManagerContextImpl
[14:34:46] [main/DEBUG] [REI]  - ItemComparatorRegistryImpl
[14:34:46] [main/DEBUG] [REI]  - FluidComparatorRegistryImpl
[14:34:46] [main/DEBUG] [REI]  - DisplaySerializerRegistryImpl
[14:34:46] [main/DEBUG] [REI]  - FluidSupportProviderImpl
[14:34:46] [main/DEBUG] [REI] Plugins (2):
[14:34:46] [main/DEBUG] [REI]  - (-100.00) DefaultPluginImpl of DefaultPluginImpl [roughlyenoughitems]
[14:34:46] [main/DEBUG] [REI]  - (0.00) DefaultRuntimePlugin of DefaultRuntimePlugin [roughlyenoughitems]
[14:34:46] [main/DEBUG] [REI] ========================================
[14:34:46] [main/TRACE] [REI] [REIPlugin END] Reloading Section: "post-register/"
[14:34:46] [main/TRACE] [REI] [REIPlugin END] Reloading Section: "post-register/DefaultPluginImpl of DefaultPluginImpl [roughlyenoughitems]/"
[14:34:46] [main/TRACE] [REI] [REIPlugin END] Reloading Section: "post-register/DefaultPluginImpl of DefaultPluginImpl [roughlyenoughitems]/" done in 75.72 μs
[14:34:46] [main/TRACE] [REI] [REIPlugin END] Reloading Section: "post-register/DefaultRuntimePlugin of DefaultRuntimePlugin [roughlyenoughitems]/"
[14:34:46] [main/TRACE] [REI] [REIPlugin END] Reloading Section: "post-register/DefaultRuntimePlugin of DefaultRuntimePlugin [roughlyenoughitems]/" done in 47.02 μs
[14:34:46] [main/TRACE] [REI] [REIPlugin END] Reloading Section: "post-register/" done in 334.3 μs
[14:34:46] [main/TRACE] [REI] [REIPlugin END] Reloading Section: "post-stage/"
[14:34:46] [main/TRACE] [REI] [REIPlugin END] Reloading Section: "post-stage/EntryTypeRegistryImpl/"
[14:34:46] [main/TRACE] [REI] [REIPlugin END] Reloading Section: "post-stage/EntryTypeRegistryImpl/" done in 35.15 μs
[14:34:46] [main/TRACE] [REI] [REIPlugin END] Reloading Section: "post-stage/EntrySettingsAdapterRegistryImpl/"
[14:34:46] [main/TRACE] [REI] [REIPlugin END] Reloading Section: "post-stage/EntrySettingsAdapterRegistryImpl/" done in 61.09 μs
[14:34:46] [main/TRACE] [REI] [REIPlugin END] Reloading Section: "post-stage/RecipeManagerContextImpl/"
[14:34:46] [main/TRACE] [REI] [REIPlugin END] Reloading Section: "post-stage/RecipeManagerContextImpl/" done in 39.34 μs
[14:34:46] [main/TRACE] [REI] [REIPlugin END] Reloading Section: "post-stage/ItemComparatorRegistryImpl/"
[14:34:46] [main/TRACE] [REI] [REIPlugin END] Reloading Section: "post-stage/ItemComparatorRegistryImpl/" done in 39.02 μs
[14:34:46] [main/TRACE] [REI] [REIPlugin END] Reloading Section: "post-stage/FluidComparatorRegistryImpl/"
[14:34:46] [main/TRACE] [REI] [REIPlugin END] Reloading Section: "post-stage/FluidComparatorRegistryImpl/" done in 43.57 μs
[14:34:46] [main/TRACE] [REI] [REIPlugin END] Reloading Section: "post-stage/DisplaySerializerRegistryImpl/"
[14:34:46] [main/TRACE] [REI] [REIPlugin END] Reloading Section: "post-stage/DisplaySerializerRegistryImpl/" done in 38.43 μs
[14:34:46] [main/TRACE] [REI] [REIPlugin END] Reloading Section: "post-stage/FluidSupportProviderImpl/"
[14:34:46] [main/TRACE] [REI] [REIPlugin END] Reloading Section: "post-stage/FluidSupportProviderImpl/" done in 40.18 μs
[14:34:46] [main/TRACE] [REI] [REIPlugin END] Reloading Section: "post-stage/" done in 872.6 μs
[14:34:46] [main/DEBUG] [REI] ========================================
[14:34:46] [main/INFO] [REI] REIPlugin finished post-reload for END in 1.321 ms, totaling 32.57 ms.
[14:34:46] [main/DEBUG] [REI] ========================================
[14:34:46] [main/DEBUG] [REI] ========================================
[14:34:46] [main/DEBUG] [REI] REIServerPlugin starting post-reload for END.
[14:34:46] [main/DEBUG] [REI] Reloadables (2):
[14:34:46] [main/DEBUG] [REI]  - MenuInfoRegistryImpl
[14:34:46] [main/DEBUG] [REI]  - SlotAccessorRegistryImpl
[14:34:46] [main/DEBUG] [REI] Plugins (2):
[14:34:46] [main/DEBUG] [REI]  - (-100.00) DefaultPluginImpl of DefaultPluginImpl [roughlyenoughitems]
[14:34:46] [main/DEBUG] [REI]  - (0.00) DefaultRuntimePlugin of DefaultRuntimePlugin [roughlyenoughitems]
[14:34:46] [main/DEBUG] [REI] ========================================
[14:34:46] [main/TRACE] [REI] [REIServerPlugin END] Reloading Section: "post-register/"
[14:34:46] [main/TRACE] [REI] [REIServerPlugin END] Reloading Section: "post-register/DefaultPluginImpl of DefaultPluginImpl [roughlyenoughitems]/"
[14:34:46] [main/TRACE] [REI] [REIServerPlugin END] Reloading Section: "post-register/DefaultPluginImpl of DefaultPluginImpl [roughlyenoughitems]/" done in 40.94 μs
[14:34:46] [main/TRACE] [REI] [REIServerPlugin END] Reloading Section: "post-register/DefaultRuntimePlugin of DefaultRuntimePlugin [roughlyenoughitems]/"
[14:34:46] [main/TRACE] [REI] [REIServerPlugin END] Reloading Section: "post-register/DefaultRuntimePlugin of DefaultRuntimePlugin [roughlyenoughitems]/" done in 37.88 μs
[14:34:46] [main/TRACE] [REI] [REIServerPlugin END] Reloading Section: "post-register/" done in 321.4 μs
[14:34:46] [main/TRACE] [REI] [REIServerPlugin END] Reloading Section: "post-stage/"
[14:34:46] [main/TRACE] [REI] [REIServerPlugin END] Reloading Section: "post-stage/MenuInfoRegistryImpl/"
[14:34:46] [main/TRACE] [REI] [REIServerPlugin END] Reloading Section: "post-stage/MenuInfoRegistryImpl/" done in 44.43 μs
[14:34:46] [main/TRACE] [REI] [REIServerPlugin END] Reloading Section: "post-stage/SlotAccessorRegistryImpl/"
[14:34:46] [main/TRACE] [REI] [REIServerPlugin END] Reloading Section: "post-stage/SlotAccessorRegistryImpl/" done in 34.40 μs
[14:34:46] [main/TRACE] [REI] [REIServerPlugin END] Reloading Section: "post-stage/" done in 240.0 μs
[14:34:46] [main/DEBUG] [REI] ========================================
[14:34:46] [main/INFO] [REI] REIServerPlugin finished post-reload for END in 676.0 μs, totaling 6.397 ms.
[14:34:46] [main/DEBUG] [REI] ========================================
